[    2009ms] [INFO] %cDownload the React DevTools for a better development experience: https://react.dev/link/react-devtools font-weight:bold @ http://localhost:3000/_next/static/chunks/node_modules_next_dist_115brz8._.js:2431
[    2037ms] [LOG] [HMR] connected @ http://localhost:3000/_next/static/chunks/node_modules_next_dist_115brz8._.js:2431
[    2043ms] [LOG] %c%s%c [TRACKING_MANAGER] Found config for 3ff5b116-29cd-4d90-8dd0-0e99c36a2155: provider_type=API background: #e6e6e6;background: light-dark(rgba(0,0,0,0.1), rgba(255,255,255,0.25));color: #000000;color: light-dark(#000000, #ffffff);border-radius: 2px  Server   @ http://localhost:3000/_next/static/chunks/node_modules_next_dist_115brz8._.js:2431
[    2043ms] [LOG] %c%s%c [MOCK_CARRIER] Attempting to insert raw log for order 3ff5b116-29cd-4d90-8dd0-0e99c36a2155 background: #e6e6e6;background: light-dark(rgba(0,0,0,0.1), rgba(255,255,255,0.25));color: #000000;color: light-dark(#000000, #ffffff);border-radius: 2px  Server   @ http://localhost:3000/_next/static/chunks/node_modules_next_dist_115brz8._.js:2431
[    2044ms] [LOG] %c%s%c [MOCK_CARRIER] Raw log saved successfully for 3ff5b116-29cd-4d90-8dd0-0e99c36a2155 background: #e6e6e6;background: light-dark(rgba(0,0,0,0.1), rgba(255,255,255,0.25));color: #000000;color: light-dark(#000000, #ffffff);border-radius: 2px  Server   @ http://localhost:3000/_next/static/chunks/node_modules_next_dist_115brz8._.js:2431
[    2044ms] [LOG] %c%s%c [TRACKING_SYNC] Order 3ff5b116-29cd-4d90-8dd0-0e99c36a2155 status updated to IN_TRANSIT background: #e6e6e6;background: light-dark(rgba(0,0,0,0.1), rgba(255,255,255,0.25));color: #000000;color: light-dark(#000000, #ffffff);border-radius: 2px  Server   @ http://localhost:3000/_next/static/chunks/node_modules_next_dist_115brz8._.js:2431
[    2044ms] [LOG] %c%s%c [AUTH_TRACE] User: temp_admin@zenith.kr, Role: ZENITH_SUPER_ADMIN, Path: /admin, Allowed: true background: #e6e6e6;background: light-dark(rgba(0,0,0,0.1), rgba(255,255,255,0.25));color: #000000;color: light-dark(#000000, #ffffff);border-radius: 2px  Server   @ http://localhost:3000/_next/static/chunks/node_modules_next_dist_115brz8._.js:2431
[    2280ms] Error: Hydration failed because the server rendered text didn't match the client. As a result this tree will be regenerated on the client. This can happen if a SSR-ed Client Component used:

- A server/client branch `if (typeof window !== 'undefined')`.
- Variable input such as `Date.now()` or `Math.random()` which changes each time it's called.
- Date formatting in a user's locale which doesn't match the server.
- External changing data without sending a snapshot of it along with the HTML.
- Invalid HTML tag nesting.

It can also happen if the client has a browser extension installed which messes with the HTML before React loaded.

https://react.dev/link/hydration-mismatch

  ...
    <RedirectBoundary>
      <RedirectErrorBoundary router={{...}}>
        <InnerLayoutRouter url="/ko/orders..." tree={[...]} params={{locale:"ko", ...}} cacheNode={{rsc:{...}, ...}} ...>
          <SegmentViewNode type="page" pagePath="[locale]/(...">
            <SegmentTrieNode>
            <OrderDetailPage>
              <div className="max-w-7xl ...">
                <div>
                <div className="grid grid-...">
                  <div>
                  <div className="lg:col-spa...">
                    <div>
                    <OrderTisaDashboard orderId="3ff5b116-2..." snapshot={{id:"snap_Z...", ...}}>
                      <ZenCard className="flex flex-...">
                        <div className="zen-glass ...">
                          <div>
                          <div className="grid grid-...">
                            <div>
                            <div>
                            <div>
                            <div>
                            <div className="col-span-2...">
                              <span>
                              <p className="text-sm te...">
+                               2026. 4. 20.
-                               4/20/2026
                                ...
                          ...
                    ...
          ...
        ...

    at throwOnHydrationMismatch (http://localhost:3000/_next/static/chunks/node_modules_next_dist_compiled_react-dom_058-ah~._.js:3318:56)
    at completeWork (http://localhost:3000/_next/static/chunks/node_modules_next_dist_compiled_react-dom_058-ah~._.js:7021:36)
    at runWithFiberInDEV (http://localhost:3000/_next/static/chunks/node_modules_next_dist_compiled_react-dom_058-ah~._.js:965:74)
    at completeUnitOfWork (http://localhost:3000/_next/static/chunks/node_modules_next_dist_compiled_react-dom_058-ah~._.js:9622:23)
    at performUnitOfWork (http://localhost:3000/_next/static/chunks/node_modules_next_dist_compiled_react-dom_058-ah~._.js:9557:28)
    at workLoopConcurrentByScheduler (http://localhost:3000/_next/static/chunks/node_modules_next_dist_compiled_react-dom_058-ah~._.js:9551:58)
    at renderRootConcurrent (http://localhost:3000/_next/static/chunks/node_modules_next_dist_compiled_react-dom_058-ah~._.js:9534:71)
    at performWorkOnRoot (http://localhost:3000/_next/static/chunks/node_modules_next_dist_compiled_react-dom_058-ah~._.js:9061:150)
    at performWorkOnRootViaSchedulerTask (http://localhost:3000/_next/static/chunks/node_modules_next_dist_compiled_react-dom_058-ah~._.js:10255:9)
    at MessagePort.performWorkUntilDeadline (http://localhost:3000/_next/static/chunks/node_modules_next_dist_compiled_0rpq4pf._.js:2647:64)
[   34277ms] [LOG] [Fast Refresh] rebuilding @ http://localhost:3000/_next/static/chunks/node_modules_next_dist_115brz8._.js:2431
[   35311ms] [LOG] %c%s%c [TRACKING_MANAGER] Found config for 3ff5b116-29cd-4d90-8dd0-0e99c36a2155: provider_type=API background: #e6e6e6;background: light-dark(rgba(0,0,0,0.1), rgba(255,255,255,0.25));color: #000000;color: light-dark(#000000, #ffffff);border-radius: 2px  Server   @ http://localhost:3000/_next/static/chunks/node_modules_next_dist_115brz8._.js:2431
[   35312ms] [LOG] %c%s%c [MOCK_CARRIER] Attempting to insert raw log for order 3ff5b116-29cd-4d90-8dd0-0e99c36a2155 background: #e6e6e6;background: light-dark(rgba(0,0,0,0.1), rgba(255,255,255,0.25));color: #000000;color: light-dark(#000000, #ffffff);border-radius: 2px  Server   @ http://localhost:3000/_next/static/chunks/node_modules_next_dist_115brz8._.js:2431
[   35643ms] [ERROR] Failed to load resource: the server responded with a status of 500 (Internal Server Error) @ http://localhost:3000/ko/orders/3ff5b116-29cd-4d90-8dd0-0e99c36a2155?_rsc=l64nf:0
[   35789ms] [ERROR] Failed to load resource: the server responded with a status of 500 (Internal Server Error) @ http://localhost:3000/ko/orders/3ff5b116-29cd-4d90-8dd0-0e99c36a2155?_rsc=l64nf:0
[   35850ms] [ERROR] Failed to load resource: the server responded with a status of 500 (Internal Server Error) @ http://localhost:3000/ko/orders/3ff5b116-29cd-4d90-8dd0-0e99c36a2155:0
[   36079ms] [INFO] %cDownload the React DevTools for a better development experience: https://react.dev/link/react-devtools font-weight:bold @ http://localhost:3000/_next/static/chunks/node_modules_react-dom_0bruynb._.js:15305
[   36118ms] Error: Could not parse module '[project]/src/proxy.ts', file not found
    at module evaluation (file:///Users/edward.kwon/WorkSpace/ZENITH_LMS_001/.next/dev/server/chunks/[root-of-the-server]__0t80jn6._.js:70:11)
    at <unknown> (file:///Users/edward.kwon/WorkSpace/ZENITH_LMS_001/.next/dev/server/chunks/[turbopack]_runtime.js:1291:27)
    at runWithHooks (file:///Users/edward.kwon/WorkSpace/ZENITH_LMS_001/.next/dev/server/chunks/[turbopack]_runtime.js:1554:9)
    at instantiateModuleShared (file:///Users/edward.kwon/WorkSpace/ZENITH_LMS_001/.next/dev/server/chunks/[turbopack]_runtime.js:1289:9)
    at instantiateModule (file:///Users/edward.kwon/WorkSpace/ZENITH_LMS_001/.next/dev/server/chunks/[turbopack]_runtime.js:1557:23)
    at getOrInstantiateModuleFromParent (file:///Users/edward.kwon/WorkSpace/ZENITH_LMS_001/.next/dev/server/chunks/[turbopack]_runtime.js:1593:23)
    at Context.esmImport [as i] (file:///Users/edward.kwon/WorkSpace/ZENITH_LMS_001/.next/dev/server/chunks/[turbopack]_runtime.js:281:20)
    at module evaluation (file:///Users/edward.kwon/WorkSpace/ZENITH_LMS_001/.next/dev/server/chunks/node_modules_next_dist_0n658h-._.js:13403:138)
    at <unknown> (file:///Users/edward.kwon/WorkSpace/ZENITH_LMS_001/.next/dev/server/chunks/[turbopack]_runtime.js:1291:27)
    at runWithHooks (file:///Users/edward.kwon/WorkSpace/ZENITH_LMS_001/.next/dev/server/chunks/[turbopack]_runtime.js:1554:9)
    at instantiateModuleShared (file:///Users/edward.kwon/WorkSpace/ZENITH_LMS_001/.next/dev/server/chunks/[turbopack]_runtime.js:1289:9)
    at instantiateModule (file:///Users/edward.kwon/WorkSpace/ZENITH_LMS_001/.next/dev/server/chunks/[turbopack]_runtime.js:1557:23)
    at instantiateRuntimeModule (file:///Users/edward.kwon/WorkSpace/ZENITH_LMS_001/.next/dev/server/chunks/[turbopack]_runtime.js:1564:12)
    at getOrInstantiateRuntimeModule (file:///Users/edward.kwon/WorkSpace/ZENITH_LMS_001/.next/dev/server/chunks/[turbopack]_runtime.js:1577:12)
    at Object.m (file:///Users/edward.kwon/WorkSpace/ZENITH_LMS_001/.next/dev/server/chunks/[turbopack]_runtime.js:1599:18)
    at Object.<anonymous> (file:///Users/edward.kwon/WorkSpace/ZENITH_LMS_001/.next/dev/server/middleware.js:4:3)
    at Module._compile (node:internal/modules/cjs/loader:1829:14)
    at Module._extensions..js (node:internal/modules/cjs/loader:1969:10)
    at Module.load (node:internal/modules/cjs/loader:1552:32)
    at Module._load (node:internal/modules/cjs/loader:1354:12)
    at wrapModuleLoad (node:internal/modules/cjs/loader:255:19)
    at Module.require (node:internal/modules/cjs/loader:1575:12)
    at mod.require (file:///Users/edward.kwon/WorkSpace/ZENITH_LMS_001/node_modules/next/dist/server/require-hook.js:79:28)
    at require (node:internal/modules/helpers:191:16)
    at DevServer.loadNodeMiddleware (file:///Users/edward.kwon/WorkSpace/ZENITH_LMS_001/node_modules/next/dist/server/next-server.js:1072:28)
    at DevServer.runMiddleware (file:///Users/edward.kwon/WorkSpace/ZENITH_LMS_001/node_modules/next/dist/server/next-server.js:1182:43)
    at async DevServer.runMiddleware (file:///Users/edward.kwon/WorkSpace/ZENITH_LMS_001/node_modules/next/dist/server/dev/next-dev-server.js:278:28)
    at async NextNodeServer.handleCatchallMiddlewareRequest (file:///Users/edward.kwon/WorkSpace/ZENITH_LMS_001/node_modules/next/dist/server/next-server.js:392:26)
    at async DevServer.handleRequestImpl (file:///Users/edward.kwon/WorkSpace/ZENITH_LMS_001/node_modules/next/dist/server/base-server.js:940:28)
    at async (file:///Users/edward.kwon/WorkSpace/ZENITH_LMS_001/node_modules/next/dist/server/dev/next-dev-server.js:394:20)
    at async Span.traceAsyncFn (file:///Users/edward.kwon/WorkSpace/ZENITH_LMS_001/node_modules/next/dist/trace/trace.js:164:20)
    at async DevServer.handleRequest (file:///Users/edward.kwon/WorkSpace/ZENITH_LMS_001/node_modules/next/dist/server/dev/next-dev-server.js:390:24)
    at async handleRoute (file:///Users/edward.kwon/WorkSpace/ZENITH_LMS_001/node_modules/next/dist/server/lib/router-utils/resolve-routes.js:352:33)
    at async resolveRoutes (file:///Users/edward.kwon/WorkSpace/ZENITH_LMS_001/node_modules/next/dist/server/lib/router-utils/resolve-routes.js:608:28)
    at async handleRequest (file:///Users/edward.kwon/WorkSpace/ZENITH_LMS_001/node_modules/next/dist/server/lib/router-server.js:314:96)
    at async requestHandlerImpl (file:///Users/edward.kwon/WorkSpace/ZENITH_LMS_001/node_modules/next/dist/server/lib/router-server.js:514:13)
    at async Server.requestListener (file:///Users/edward.kwon/WorkSpace/ZENITH_LMS_001/node_modules/next/dist/server/lib/start-server.js:225:13)
[   36119ms] [LOG] [HMR] connected @ http://localhost:3000/_next/static/chunks/node_modules_next_dist_0u_w_5s._.js:1226
[   39984ms] [ERROR] Failed to load resource: the server responded with a status of 500 (Internal Server Error) @ http://localhost:3000/ko/orders/3ff5b116-29cd-4d90-8dd0-0e99c36a2155:0
[   40045ms] [INFO] %cDownload the React DevTools for a better development experience: https://react.dev/link/react-devtools font-weight:bold @ http://localhost:3000/_next/static/chunks/node_modules_react-dom_0bruynb._.js:15305
[   40064ms] Error: Could not parse module '[project]/src/proxy.ts', file not found
    at module evaluation (file:///Users/edward.kwon/WorkSpace/ZENITH_LMS_001/.next/dev/server/chunks/[root-of-the-server]__0t80jn6._.js:70:11)
    at <unknown> (file:///Users/edward.kwon/WorkSpace/ZENITH_LMS_001/.next/dev/server/chunks/[turbopack]_runtime.js:1291:27)
    at runWithHooks (file:///Users/edward.kwon/WorkSpace/ZENITH_LMS_001/.next/dev/server/chunks/[turbopack]_runtime.js:1554:9)
    at instantiateModuleShared (file:///Users/edward.kwon/WorkSpace/ZENITH_LMS_001/.next/dev/server/chunks/[turbopack]_runtime.js:1289:9)
    at instantiateModule (file:///Users/edward.kwon/WorkSpace/ZENITH_LMS_001/.next/dev/server/chunks/[turbopack]_runtime.js:1557:23)
    at getOrInstantiateModuleFromParent (file:///Users/edward.kwon/WorkSpace/ZENITH_LMS_001/.next/dev/server/chunks/[turbopack]_runtime.js:1593:23)
    at Context.esmImport [as i] (file:///Users/edward.kwon/WorkSpace/ZENITH_LMS_001/.next/dev/server/chunks/[turbopack]_runtime.js:281:20)
    at module evaluation (file:///Users/edward.kwon/WorkSpace/ZENITH_LMS_001/.next/dev/server/chunks/node_modules_next_dist_0n658h-._.js:13403:138)
    at <unknown> (file:///Users/edward.kwon/WorkSpace/ZENITH_LMS_001/.next/dev/server/chunks/[turbopack]_runtime.js:1291:27)
    at runWithHooks (file:///Users/edward.kwon/WorkSpace/ZENITH_LMS_001/.next/dev/server/chunks/[turbopack]_runtime.js:1554:9)
    at instantiateModuleShared (file:///Users/edward.kwon/WorkSpace/ZENITH_LMS_001/.next/dev/server/chunks/[turbopack]_runtime.js:1289:9)
    at instantiateModule (file:///Users/edward.kwon/WorkSpace/ZENITH_LMS_001/.next/dev/server/chunks/[turbopack]_runtime.js:1557:23)
    at instantiateRuntimeModule (file:///Users/edward.kwon/WorkSpace/ZENITH_LMS_001/.next/dev/server/chunks/[turbopack]_runtime.js:1564:12)
    at getOrInstantiateRuntimeModule (file:///Users/edward.kwon/WorkSpace/ZENITH_LMS_001/.next/dev/server/chunks/[turbopack]_runtime.js:1577:12)
    at Object.m (file:///Users/edward.kwon/WorkSpace/ZENITH_LMS_001/.next/dev/server/chunks/[turbopack]_runtime.js:1599:18)
    at Object.<anonymous> (file:///Users/edward.kwon/WorkSpace/ZENITH_LMS_001/.next/dev/server/middleware.js:4:3)
    at Module._compile (node:internal/modules/cjs/loader:1829:14)
    at Module._extensions..js (node:internal/modules/cjs/loader:1969:10)
    at Module.load (node:internal/modules/cjs/loader:1552:32)
    at Module._load (node:internal/modules/cjs/loader:1354:12)
    at wrapModuleLoad (node:internal/modules/cjs/loader:255:19)
    at Module.require (node:internal/modules/cjs/loader:1575:12)
    at mod.require (file:///Users/edward.kwon/WorkSpace/ZENITH_LMS_001/node_modules/next/dist/server/require-hook.js:79:28)
    at require (node:internal/modules/helpers:191:16)
    at DevServer.loadNodeMiddleware (file:///Users/edward.kwon/WorkSpace/ZENITH_LMS_001/node_modules/next/dist/server/next-server.js:1072:28)
    at DevServer.runMiddleware (file:///Users/edward.kwon/WorkSpace/ZENITH_LMS_001/node_modules/next/dist/server/next-server.js:1182:43)
    at async DevServer.runMiddleware (file:///Users/edward.kwon/WorkSpace/ZENITH_LMS_001/node_modules/next/dist/server/dev/next-dev-server.js:278:28)
    at async NextNodeServer.handleCatchallMiddlewareRequest (file:///Users/edward.kwon/WorkSpace/ZENITH_LMS_001/node_modules/next/dist/server/next-server.js:392:26)
    at async DevServer.handleRequestImpl (file:///Users/edward.kwon/WorkSpace/ZENITH_LMS_001/node_modules/next/dist/server/base-server.js:940:28)
    at async (file:///Users/edward.kwon/WorkSpace/ZENITH_LMS_001/node_modules/next/dist/server/dev/next-dev-server.js:394:20)
    at async Span.traceAsyncFn (file:///Users/edward.kwon/WorkSpace/ZENITH_LMS_001/node_modules/next/dist/trace/trace.js:164:20)
    at async DevServer.handleRequest (file:///Users/edward.kwon/WorkSpace/ZENITH_LMS_001/node_modules/next/dist/server/dev/next-dev-server.js:390:24)
    at async handleRoute (file:///Users/edward.kwon/WorkSpace/ZENITH_LMS_001/node_modules/next/dist/server/lib/router-utils/resolve-routes.js:352:33)
    at async resolveRoutes (file:///Users/edward.kwon/WorkSpace/ZENITH_LMS_001/node_modules/next/dist/server/lib/router-utils/resolve-routes.js:608:28)
    at async handleRequest (file:///Users/edward.kwon/WorkSpace/ZENITH_LMS_001/node_modules/next/dist/server/lib/router-server.js:314:96)
    at async requestHandlerImpl (file:///Users/edward.kwon/WorkSpace/ZENITH_LMS_001/node_modules/next/dist/server/lib/router-server.js:514:13)
    at async Server.requestListener (file:///Users/edward.kwon/WorkSpace/ZENITH_LMS_001/node_modules/next/dist/server/lib/start-server.js:225:13)
[   40058ms] [LOG] [HMR] connected @ http://localhost:3000/_next/static/chunks/node_modules_next_dist_0u_w_5s._.js:1226
[   45375ms] [LOG] [Fast Refresh] rebuilding @ http://localhost:3000/_next/static/chunks/node_modules_next_dist_0u_w_5s._.js:1226
[   64056ms] [ERROR] Failed to load resource: the server responded with a status of 500 (Internal Server Error) @ http://localhost:3000/ko/orders/3ff5b116-29cd-4d90-8dd0-0e99c36a2155:0
[   64242ms] [INFO] %cDownload the React DevTools for a better development experience: https://react.dev/link/react-devtools font-weight:bold @ http://localhost:3000/_next/static/chunks/node_modules_react-dom_0bruynb._.js:15305
[   64303ms] Error: Could not parse module '[project]/src/proxy.ts', file not found
    at module evaluation (file:///Users/edward.kwon/WorkSpace/ZENITH_LMS_001/.next/dev/server/chunks/[root-of-the-server]__0t80jn6._.js:70:11)
    at <unknown> (file:///Users/edward.kwon/WorkSpace/ZENITH_LMS_001/.next/dev/server/chunks/[turbopack]_runtime.js:1291:27)
    at runWithHooks (file:///Users/edward.kwon/WorkSpace/ZENITH_LMS_001/.next/dev/server/chunks/[turbopack]_runtime.js:1554:9)
    at instantiateModuleShared (file:///Users/edward.kwon/WorkSpace/ZENITH_LMS_001/.next/dev/server/chunks/[turbopack]_runtime.js:1289:9)
    at instantiateModule (file:///Users/edward.kwon/WorkSpace/ZENITH_LMS_001/.next/dev/server/chunks/[turbopack]_runtime.js:1557:23)
    at getOrInstantiateModuleFromParent (file:///Users/edward.kwon/WorkSpace/ZENITH_LMS_001/.next/dev/server/chunks/[turbopack]_runtime.js:1593:23)
    at Context.esmImport [as i] (file:///Users/edward.kwon/WorkSpace/ZENITH_LMS_001/.next/dev/server/chunks/[turbopack]_runtime.js:281:20)
    at module evaluation (file:///Users/edward.kwon/WorkSpace/ZENITH_LMS_001/.next/dev/server/chunks/node_modules_next_dist_0n658h-._.js:13403:138)
    at <unknown> (file:///Users/edward.kwon/WorkSpace/ZENITH_LMS_001/.next/dev/server/chunks/[turbopack]_runtime.js:1291:27)
    at runWithHooks (file:///Users/edward.kwon/WorkSpace/ZENITH_LMS_001/.next/dev/server/chunks/[turbopack]_runtime.js:1554:9)
    at instantiateModuleShared (file:///Users/edward.kwon/WorkSpace/ZENITH_LMS_001/.next/dev/server/chunks/[turbopack]_runtime.js:1289:9)
    at instantiateModule (file:///Users/edward.kwon/WorkSpace/ZENITH_LMS_001/.next/dev/server/chunks/[turbopack]_runtime.js:1557:23)
    at instantiateRuntimeModule (file:///Users/edward.kwon/WorkSpace/ZENITH_LMS_001/.next/dev/server/chunks/[turbopack]_runtime.js:1564:12)
    at getOrInstantiateRuntimeModule (file:///Users/edward.kwon/WorkSpace/ZENITH_LMS_001/.next/dev/server/chunks/[turbopack]_runtime.js:1577:12)
    at Object.m (file:///Users/edward.kwon/WorkSpace/ZENITH_LMS_001/.next/dev/server/chunks/[turbopack]_runtime.js:1599:18)
    at Object.<anonymous> (file:///Users/edward.kwon/WorkSpace/ZENITH_LMS_001/.next/dev/server/middleware.js:4:3)
    at Module._compile (node:internal/modules/cjs/loader:1829:14)
    at Module._extensions..js (node:internal/modules/cjs/loader:1969:10)
    at Module.load (node:internal/modules/cjs/loader:1552:32)
    at Module._load (node:internal/modules/cjs/loader:1354:12)
    at wrapModuleLoad (node:internal/modules/cjs/loader:255:19)
    at Module.require (node:internal/modules/cjs/loader:1575:12)
    at mod.require (file:///Users/edward.kwon/WorkSpace/ZENITH_LMS_001/node_modules/next/dist/server/require-hook.js:79:28)
    at require (node:internal/modules/helpers:191:16)
    at DevServer.loadNodeMiddleware (file:///Users/edward.kwon/WorkSpace/ZENITH_LMS_001/node_modules/next/dist/server/next-server.js:1072:28)
    at DevServer.runMiddleware (file:///Users/edward.kwon/WorkSpace/ZENITH_LMS_001/node_modules/next/dist/server/next-server.js:1182:43)
    at async DevServer.runMiddleware (file:///Users/edward.kwon/WorkSpace/ZENITH_LMS_001/node_modules/next/dist/server/dev/next-dev-server.js:278:28)
    at async NextNodeServer.handleCatchallMiddlewareRequest (file:///Users/edward.kwon/WorkSpace/ZENITH_LMS_001/node_modules/next/dist/server/next-server.js:392:26)
    at async DevServer.handleRequestImpl (file:///Users/edward.kwon/WorkSpace/ZENITH_LMS_001/node_modules/next/dist/server/base-server.js:940:28)
    at async (file:///Users/edward.kwon/WorkSpace/ZENITH_LMS_001/node_modules/next/dist/server/dev/next-dev-server.js:394:20)
    at async Span.traceAsyncFn (file:///Users/edward.kwon/WorkSpace/ZENITH_LMS_001/node_modules/next/dist/trace/trace.js:164:20)
    at async DevServer.handleRequest (file:///Users/edward.kwon/WorkSpace/ZENITH_LMS_001/node_modules/next/dist/server/dev/next-dev-server.js:390:24)
    at async handleRoute (file:///Users/edward.kwon/WorkSpace/ZENITH_LMS_001/node_modules/next/dist/server/lib/router-utils/resolve-routes.js:352:33)
    at async resolveRoutes (file:///Users/edward.kwon/WorkSpace/ZENITH_LMS_001/node_modules/next/dist/server/lib/router-utils/resolve-routes.js:608:28)
    at async handleRequest (file:///Users/edward.kwon/WorkSpace/ZENITH_LMS_001/node_modules/next/dist/server/lib/router-server.js:314:96)
    at async requestHandlerImpl (file:///Users/edward.kwon/WorkSpace/ZENITH_LMS_001/node_modules/next/dist/server/lib/router-server.js:514:13)
    at async Server.requestListener (file:///Users/edward.kwon/WorkSpace/ZENITH_LMS_001/node_modules/next/dist/server/lib/start-server.js:225:13)
[   64253ms] [LOG] [HMR] connected @ http://localhost:3000/_next/static/chunks/node_modules_next_dist_0u_w_5s._.js:1226
