
[1m[30m[46m RUN [49m[39m[22m [36mv4.1.4 [39m[90m/Users/edward.kwon/WorkSpace/ZENITH_LMS_001[39m

[90mstdout[2m | tests/integration/tracking-business-qa.test.ts[2m > [22m[2mQA-02 Tracking Business Integration
[22m[39m[QA-02] Starting beforeAll setup...

[90mstdout[2m | tests/integration/tracking-business-qa.test.ts[2m > [22m[2mQA-02 Tracking Business Integration
[22m[39m[QA-02] Cleanup done: { delConfigError: [1mnull[22m, delOrderError: [1mnull[22m }

[90mstdout[2m | tests/integration/tracking-business-qa.test.ts[2m > [22m[2mQA-02 Tracking Business Integration
[22m[39m[QA-02] Mock order inserted successfully

[90mstdout[2m | tests/integration/tracking-business-qa.test.ts[2m > [22m[2mQA-02 Tracking Business Integration
[22m[39m[QA-02] Mock config inserted successfully

[90mstdout[2m | tests/integration/tracking-business-qa.test.ts[2m > [22m[2mQA-02 Tracking Business Integration[2m > [22m[2mshould preserve raw JSON logs in zen_tracking_raw_logs
[22m[39m[QA-02] Direct Config Check: { count: [33m1[39m, checkError: [1mnull[22m }

[90mstdout[2m | tests/integration/tracking-business-qa.test.ts[2m > [22m[2mQA-02 Tracking Business Integration[2m > [22m[2mshould preserve raw JSON logs in zen_tracking_raw_logs
[22m[39m[INFO] [TRACKING_MANAGER] Found config for 3ff5b116-29cd-4d90-8dd0-0e99c36a2155: provider_type=API

[90mstdout[2m | tests/integration/tracking-business-qa.test.ts[2m > [22m[2mQA-02 Tracking Business Integration[2m > [22m[2mshould preserve raw JSON logs in zen_tracking_raw_logs
[22m[39m[INFO] [MOCK_CARRIER] Raw log saved successfully for 3ff5b116-29cd-4d90-8dd0-0e99c36a2155

[90mstdout[2m | tests/integration/tracking-business-qa.test.ts[2m > [22m[2mQA-02 Tracking Business Integration[2m > [22m[2mshould preserve raw JSON logs in zen_tracking_raw_logs
[22m[39m[QA-02] Verified Raw Log: b34096c2-d96c-4da6-b33e-ec440a860b39

[90mstdout[2m | tests/integration/tracking-business-qa.test.ts[2m > [22m[2mQA-02 Tracking Business Integration[2m > [22m[2mshould maintain sync integrity without duplicating events
[22m[39m[INFO] [TRACKING_MANAGER] Found config for 3ff5b116-29cd-4d90-8dd0-0e99c36a2155: provider_type=API

[90mstdout[2m | tests/integration/tracking-business-qa.test.ts[2m > [22m[2mQA-02 Tracking Business Integration[2m > [22m[2mshould maintain sync integrity without duplicating events
[22m[39m[INFO] [MOCK_CARRIER] Raw log saved successfully for 3ff5b116-29cd-4d90-8dd0-0e99c36a2155

[90mstdout[2m | tests/integration/tracking-business-qa.test.ts[2m > [22m[2mQA-02 Tracking Business Integration[2m > [22m[2mshould maintain sync integrity without duplicating events
[22m[39m[INFO] [TRACKING_MANAGER] Found config for 3ff5b116-29cd-4d90-8dd0-0e99c36a2155: provider_type=API

[90mstdout[2m | tests/integration/tracking-business-qa.test.ts[2m > [22m[2mQA-02 Tracking Business Integration[2m > [22m[2mshould maintain sync integrity without duplicating events
[22m[39m[INFO] [MOCK_CARRIER] Raw log saved successfully for 3ff5b116-29cd-4d90-8dd0-0e99c36a2155

[90mstdout[2m | tests/integration/tracking-business-qa.test.ts[2m > [22m[2mQA-02 Tracking Business Integration[2m > [22m[2mshould maintain sync integrity without duplicating events
[22m[39m[QA-02] Verified Sync Integrity: No duplicates for 3ff5b116-29cd-4d90-8dd0-0e99c36a2155

 [32m✓[39m tests/integration/tracking-business-qa.test.ts [2m([22m[2m2 tests[22m[2m)[22m[32m 79[2mms[22m[39m
 [32m✓[39m tests/unit/finance/pdf.test.ts [2m([22m[2m1 test[22m[2m)[22m[32m 27[2mms[22m[39m
[90mstdout[2m | tests/integration/uat-phase3-e2e.test.ts[2m > [22m[2mZENITH Phase 3 UAT: E2E + Routing Integrated Validation[2m > [22m[2mTC-UAT-E2E.1: 완전 물류 사이클 (오더 → 경로 → 트래킹 → 정산 → 세금계산서)
[22m[39m[INFO] [Action] calculateSettlementAction started for order: order-e2e-1

[90mstdout[2m | tests/integration/uat-phase3-e2e.test.ts[2m > [22m[2mZENITH Phase 3 UAT: E2E + Routing Integrated Validation[2m > [22m[2mTC-UAT-E2E.1: 완전 물류 사이클 (오더 → 경로 → 트래킹 → 정산 → 세금계산서)
[22m[39m[INFO] [Action] User Profile: undefined, Role: ADMIN

[90mstdout[2m | tests/integration/uat-phase3-e2e.test.ts[2m > [22m[2mZENITH Phase 3 UAT: E2E + Routing Integrated Validation[2m > [22m[2mTC-UAT-E2E.1: 완전 물류 사이클 (오더 → 경로 → 트래킹 → 정산 → 세금계산서)
[22m[39m[INFO] [Action] Settlement calculation result for order-e2e-1: {
  success: [33mtrue[39m,
  chargeableWeight: [33m100[39m,
  totalFreight: [33m1000[39m,
  currency: [32m'USD'[39m,
  costId: [32m'cost-uuid-1'[39m
}

[90mstdout[2m | tests/integration/uat-phase3-e2e.test.ts[2m > [22m[2mZENITH Phase 3 UAT: E2E + Routing Integrated Validation[2m > [22m[2mTC-UAT-E2E.1: 완전 물류 사이클 (오더 → 경로 → 트래킹 → 정산 → 세금계산서)
[22m[39m[INFO] [Action] Fetched 0 costs for order-e2e-1

 [32m✓[39m tests/integration/uat-phase3-e2e.test.ts [2m([22m[2m2 tests[22m[2m)[22m[32m 19[2mms[22m[39m
 [32m✓[39m tests/integration/finance.test.ts [2m([22m[2m6 tests[22m[2m)[22m[32m 11[2mms[22m[39m
 [32m✓[39m tests/integration/fin-03.test.ts [2m([22m[2m3 tests[22m[2m)[22m[32m 16[2mms[22m[39m
 [32m✓[39m tests/unit/member/grade-promotion.test.ts [2m([22m[2m5 tests[22m[2m)[22m[32m 9[2mms[22m[39m
 [32m✓[39m tests/integration/rou-01.test.ts [2m([22m[2m10 tests[22m[2m)[22m[32m 8[2mms[22m[39m
[90mstdout[2m | tests/unit/logistics/voc.test.ts[2m > [22m[2mVOC Action Unit Tests[2m > [22m[2mshould create a VOC successfully when user has ownership of the order
[22m[39m[INFO] [DEBUG] Verifying order ownership: order_id=550e8400-e29b-41d4-a716-446655440001, org_id=test-org-id

[90mstdout[2m | tests/unit/logistics/voc.test.ts[2m > [22m[2mVOC Action Unit Tests[2m > [22m[2mshould create a VOC successfully when user has ownership of the order
[22m[39m[INFO] [DEBUG] Order found: no=ORD-1001, shipper_id=test-org-id
[INFO] [DEBUG] Inserting into zen_voc...
[INFO] [DEBUG] VOC Insert data: {
  order_id: [32m'550e8400-e29b-41d4-a716-446655440001'[39m,
  org_id: [32m'test-org-id'[39m,
  created_by: [32m'test-user-id'[39m,
  type: [32m'DELAY'[39m,
  title: [32m'Test VOC Title'[39m,
  description: [32m'Test VOC Description'[39m,
  status: [32m'OPEN'[39m
}

[90mstdout[2m | tests/unit/logistics/voc.test.ts[2m > [22m[2mVOC Action Unit Tests[2m > [22m[2mshould create a VOC successfully when user has ownership of the order
[22m[39m[INFO] [DEBUG] VOC creation SUCCESS: { id: [32m'voc-123'[39m }

[90mstdout[2m | tests/unit/logistics/voc.test.ts[2m > [22m[2mVOC Action Unit Tests[2m > [22m[2mshould throw error when user tries to create VOC for an order they do not own
[22m[39m[INFO] [DEBUG] Verifying order ownership: order_id=550e8400-e29b-41d4-a716-446655440002, org_id=test-org-id

[90mstdout[2m | tests/unit/logistics/voc.test.ts[2m > [22m[2mVOC Action Unit Tests[2m > [22m[2mshould throw error when user tries to create VOC for an order they do not own
[22m[39m[INFO] [DEBUG] Order found: no=ORD-1002, shipper_id=other-org-id

 [32m✓[39m tests/unit/logistics/voc.test.ts [2m([22m[2m2 tests[22m[2m)[22m[32m 13[2mms[22m[39m
 [32m✓[39m tests/unit/master/master-actions.test.ts [2m([22m[2m6 tests[22m[2m)[22m[32m 5[2mms[22m[39m
 [32m✓[39m tests/unit/rates/rates.test.ts [2m([22m[2m4 tests[22m[2m)[22m[32m 9[2mms[22m[39m
 [32m✓[39m tests/unit/claims/claims-actions.test.ts [2m([22m[2m5 tests[22m[2m)[22m[32m 5[2mms[22m[39m
 [32m✓[39m tests/unit/support/support-actions.test.ts [2m([22m[2m10 tests[22m[2m)[22m[32m 6[2mms[22m[39m
[90mstdout[2m | tests/unit/customs/customs-declaration.test.ts[2m > [22m[2mCustoms Server Actions[2m > [22m[2mTC-CCL-01: createDeclaration — 초기 상태 PENDING
[22m[39m[INFO] [AUTH_TRACE] User: undefined, Role: ADMIN, Path: /admin, Allowed: true

[90mstdout[2m | tests/unit/customs/customs-declaration.test.ts[2m > [22m[2mCustoms Server Actions[2m > [22m[2mTC-CCL-04: getDeclarations — 화주별 권한 격리
[22m[39m[INFO] [DEBUG] validateUserAction START

[90mstdout[2m | tests/unit/customs/customs-declaration.test.ts[2m > [22m[2mCustoms Server Actions[2m > [22m[2mTC-CCL-04: getDeclarations — 화주별 권한 격리
[22m[39m[INFO] [DEBUG] validateUserAction: Supabase client created

[90mstdout[2m | tests/unit/customs/customs-declaration.test.ts[2m > [22m[2mCustoms Server Actions[2m > [22m[2mTC-CCL-04: getDeclarations — 화주별 권한 격리
[22m[39m[INFO] [DEBUG] validateUserAction: getUser result { hasUser: [33mtrue[39m, email: [90mundefined[39m, error: [90mundefined[39m }

[90mstdout[2m | tests/unit/customs/customs-declaration.test.ts[2m > [22m[2mCustoms Server Actions[2m > [22m[2mTC-CCL-04: getDeclarations — 화주별 권한 격리
[22m[39m[INFO] [DEBUG] validateUserAction: profile result { hasProfile: [33mtrue[39m, error: [1mnull[22m }

[90mstdout[2m | tests/unit/customs/customs-declaration.test.ts[2m > [22m[2mCustoms Server Actions[2m > [22m[2mTC-CCL-04: getDeclarations — 화주별 권한 격리
[22m[39m[INFO] [getDeclarations] User: undefined, Role: ADMIN, IsAdmin: true

[90mstdout[2m | tests/unit/customs/customs-declaration.test.ts[2m > [22m[2mCustoms Server Actions[2m > [22m[2mTC-CCL-02: updateDeclarationStatus — 상태/메모 업데이트
[22m[39m[INFO] [AUTH_TRACE] User: undefined, Role: ADMIN, Path: /admin, Allowed: true

[90mstdout[2m | tests/unit/customs/customs-declaration.test.ts[2m > [22m[2mCustoms Server Actions[2m > [22m[2mTC-CCL-03: submitDeclaration — 어댑터 연동 및 SUBMITTED 전환
[22m[39m[INFO] [AUTH_TRACE] User: undefined, Role: ADMIN, Path: /admin, Allowed: true

 [32m✓[39m tests/unit/customs/customs-declaration.test.ts [2m([22m[2m4 tests[22m[2m)[22m[32m 7[2mms[22m[39m
 [32m✓[39m tests/unit/logistics/order-actions.test.ts [2m([22m[2m4 tests[22m[2m)[22m[32m 6[2mms[22m[39m
[90mstdout[2m | tests/unit/auth/guards.test.ts[2m > [22m[2mZENITH Security Guard: Server Action Authorization[2m > [22m[2mTC-G.1: [Success] 관리자 권한을 가진 사용자는 프로필 전체 정보를 반환해야 함
[22m[39m[INFO] [AUTH_TRACE] User: admin@zenith.kr, Role: ADMIN, Path: /admin, Allowed: [object Promise]

[90mstdout[2m | tests/unit/auth/guards.test.ts[2m > [22m[2mZENITH Security Guard: Server Action Authorization[2m > [22m[2mTC-G.2: [Failure] 권한이 없는 사용자가 관리자 액션 호출 시 예외를 발생시켜야 함
[22m[39m[INFO] [AUTH_TRACE] User: admin@zenith.kr, Role: CUSTOMER, Path: /admin, Allowed: false

[90mstdout[2m | tests/unit/auth/guards.test.ts[2m > [22m[2mZENITH Security Guard: Server Action Authorization[2m > [22m[2mTC-G.4: [Success] 일반 사용자 액션 가드는 권한 체크 없이 프로필을 반환해야 함
[22m[39m[INFO] [DEBUG] validateUserAction START

[90mstdout[2m | tests/unit/auth/guards.test.ts[2m > [22m[2mZENITH Security Guard: Server Action Authorization[2m > [22m[2mTC-G.4: [Success] 일반 사용자 액션 가드는 권한 체크 없이 프로필을 반환해야 함
[22m[39m[INFO] [DEBUG] validateUserAction: Supabase client created

[90mstdout[2m | tests/unit/auth/guards.test.ts[2m > [22m[2mZENITH Security Guard: Server Action Authorization[2m > [22m[2mTC-G.4: [Success] 일반 사용자 액션 가드는 권한 체크 없이 프로필을 반환해야 함
[22m[39m[INFO] [DEBUG] validateUserAction: getUser result { hasUser: [33mtrue[39m, email: [32m'admin@zenith.kr'[39m, error: [90mundefined[39m }

[90mstdout[2m | tests/unit/auth/guards.test.ts[2m > [22m[2mZENITH Security Guard: Server Action Authorization[2m > [22m[2mTC-G.4: [Success] 일반 사용자 액션 가드는 권한 체크 없이 프로필을 반환해야 함
[22m[39m[INFO] [DEBUG] validateUserAction: profile result { hasProfile: [33mtrue[39m, error: [90mundefined[39m }

 [32m✓[39m tests/unit/auth/guards.test.ts [2m([22m[2m4 tests[22m[2m)[22m[32m 6[2mms[22m[39m
 [32m✓[39m tests/unit/member/corporate.test.ts [2m([22m[2m4 tests[22m[2m)[22m[32m 6[2mms[22m[39m
 [32m✓[39m tests/unit/finance/wallet.test.ts [2m([22m[2m4 tests[22m[2m)[22m[32m 5[2mms[22m[39m
 [32m✓[39m tests/integration/notifications.test.ts [2m([22m[2m5 tests[22m[2m)[22m[32m 6[2mms[22m[39m
 [32m✓[39m tests/integration/tracking.test.ts [2m([22m[2m6 tests[22m[2m)[22m[32m 9[2mms[22m[39m
 [32m✓[39m tests/integration/inventory.test.ts [2m([22m[2m7 tests[22m[2m)[22m[32m 7[2mms[22m[39m
 [32m✓[39m tests/unit/logistics/inventory.test.ts [2m([22m[2m4 tests[22m[2m)[22m[32m 6[2mms[22m[39m
 [32m✓[39m tests/unit/logistics/order-status.test.ts [2m([22m[2m3 tests[22m[2m)[22m[32m 4[2mms[22m[39m
[90mstdout[2m | tests/unit/logistics/tracking.test.ts[2m > [22m[2mTrackingManager[2m > [22m[2mshould prevent duplicate tracking events
[22m[39m[INFO] [TRACKING_MANAGER] Found config for test-order-id: provider_type=API

[90mstdout[2m | tests/unit/logistics/tracking.test.ts[2m > [22m[2mTrackingManager[2m > [22m[2mshould prevent duplicate tracking events
[22m[39m[INFO] [TRACKING_SYNC] Order test-order-id status updated to IN_TRANSIT

[90mstdout[2m | tests/unit/logistics/tracking.test.ts[2m > [22m[2mTrackingManager[2m > [22m[2mshould prevent duplicate tracking events
[22m[39m[INFO] [TRACKING_MANAGER] Order test-order-id is delayed. Last event was 661.4h ago (Threshold: 48h)

[90mstdout[2m | tests/unit/logistics/tracking.test.ts[2m > [22m[2mTrackingManager[2m > [22m[2mshould prevent duplicate tracking events
[22m[39m[INFO] [TRACKING_SYNC] Order test-order-id status updated to HELD

[90mstdout[2m | tests/unit/logistics/tracking.test.ts[2m > [22m[2mTrackingManager[2m > [22m[2mshould sync order status when new events are added
[22m[39m[INFO] [TRACKING_SYNC] Order test-order-id status updated to DELIVERED

[90mstdout[2m | tests/unit/logistics/tracking.test.ts[2m > [22m[2mTrackingManager[2m > [22m[2mTC-OPS-04: [Success] should detect delay when last event is older than threshold
[22m[39m[INFO] [TRACKING_MANAGER] Found config for delay-order-id: provider_type=API

[90mstdout[2m | tests/unit/logistics/tracking.test.ts[2m > [22m[2mTrackingManager[2m > [22m[2mTC-OPS-04: [Success] should detect delay when last event is older than threshold
[22m[39m[INFO] [TRACKING_MANAGER] Order delay-order-id is delayed. Last event was 50.0h ago (Threshold: 48h)

[90mstdout[2m | tests/unit/logistics/tracking.test.ts[2m > [22m[2mTrackingManager[2m > [22m[2mTC-OPS-04: [Success] should detect delay when last event is older than threshold
[22m[39m[INFO] [TRACKING_SYNC] Order delay-order-id status updated to HELD

 [32m✓[39m tests/unit/logistics/tracking.test.ts [2m([22m[2m3 tests[22m[2m)[22m[32m 6[2mms[22m[39m
 [32m✓[39m tests/unit/monitoring/error-log.test.ts [2m([22m[2m4 tests[22m[2m)[22m[32m 5[2mms[22m[39m
 [32m✓[39m tests/unit/finance/report.test.ts [2m([22m[2m4 tests[22m[2m)[22m[32m 18[2mms[22m[39m
 [32m✓[39m tests/unit/logistics/order-validation.test.ts [2m([22m[2m8 tests[22m[2m)[22m[32m 6[2mms[22m[39m
 [32m✓[39m tests/unit/member/profile.test.ts [2m([22m[2m4 tests[22m[2m)[22m[32m 6[2mms[22m[39m
 [32m✓[39m tests/unit/documents/document-actions.test.ts [2m([22m[2m3 tests[22m[2m)[22m[32m 4[2mms[22m[39m
 [32m✓[39m tests/unit/master/master_policy.test.ts [2m([22m[2m4 tests[22m[2m)[22m[32m 5[2mms[22m[39m
 [32m✓[39m tests/unit/routing/scoring.test.ts [2m([22m[2m10 tests[22m[2m)[22m[32m 3[2mms[22m[39m
 [32m✓[39m tests/unit/monitoring/logger.test.ts [2m([22m[2m4 tests[22m[2m)[22m[32m 4[2mms[22m[39m
 [32m✓[39m tests/unit/logistics/freight-calculator.test.ts [2m([22m[2m5 tests[22m[2m)[22m[32m 2[2mms[22m[39m
 [32m✓[39m tests/unit/logistics/status-machine.test.ts [2m([22m[2m22 tests[22m[2m)[22m[32m 3[2mms[22m[39m
 [32m✓[39m tests/unit/params/service.test.ts [2m([22m[2m5 tests[22m[2m)[22m[32m 4[2mms[22m[39m
 [32m✓[39m tests/unit/support/order-qna.test.ts [2m([22m[2m3 tests[22m[2m)[22m[32m 3[2mms[22m[39m
 [32m✓[39m tests/integration/rou-02.test.ts [2m([22m[2m3 tests[22m[2m)[22m[32m 4[2mms[22m[39m
 [32m✓[39m tests/unit/master/master-detail.test.ts [2m([22m[2m2 tests[22m[2m)[22m[32m 3[2mms[22m[39m
 [32m✓[39m tests/unit/params/feature-flags.test.ts [2m([22m[2m3 tests[22m[2m)[22m[32m 4[2mms[22m[39m
 [32m✓[39m tests/unit/logistics/affiliation.test.ts [2m([22m[2m3 tests[22m[2m)[22m[32m 3[2mms[22m[39m
 [32m✓[39m tests/unit/monitoring/wrapper.test.ts [2m([22m[2m3 tests[22m[2m)[22m[32m 4[2mms[22m[39m
 [32m✓[39m tests/unit/auth/rbac.test.ts [2m([22m[2m7 tests[22m[2m)[22m[32m 3[2mms[22m[39m
 [32m✓[39m tests/unit/logistics/rate-engine.test.ts [2m([22m[2m4 tests[22m[2m)[22m[32m 2[2mms[22m[39m
 [32m✓[39m tests/unit/statistics/stats-actions.test.ts [2m([22m[2m2 tests[22m[2m)[22m[32m 3[2mms[22m[39m
 [32m✓[39m tests/unit/master/aviation-master.test.ts [2m([22m[2m2 tests[22m[2m)[22m[32m 2[2mms[22m[39m

[2m Test Files [22m [1m[32m44 passed[39m[22m[90m (44)[39m
[2m      Tests [22m [1m[32m209 passed[39m[22m[90m (209)[39m
[2m   Start at [22m 22:21:11
[2m   Duration [22m 35.64s[2m (transform 508ms, setup 2.42s, import 2.91s, tests 366ms, environment 23.10s)[22m

