
 RUN  v4.1.4 /Users/edward.kwon/WorkSpace/ZENITH_LMS_001

(node:87568) Warning: `--localstorage-file` was provided without a valid path
(Use `node --trace-warnings ...` to show where the warning was created)
stdout | tests/integration/tracking-business-qa.test.ts > QA-02 Tracking Business Integration
[QA-02] Starting beforeAll setup...

stdout | tests/integration/tracking-business-qa.test.ts > QA-02 Tracking Business Integration
[QA-02] Cleanup done: { delConfigError: null, delOrderError: null }

stdout | tests/integration/tracking-business-qa.test.ts > QA-02 Tracking Business Integration
[QA-02] Mock order inserted successfully

stdout | tests/integration/tracking-business-qa.test.ts > QA-02 Tracking Business Integration
[QA-02] Mock config inserted successfully

stdout | tests/integration/tracking-business-qa.test.ts > QA-02 Tracking Business Integration > should preserve raw JSON logs in zen_tracking_raw_logs
[QA-02] Direct Config Check: { count: 1, checkError: null }

stdout | tests/integration/tracking-business-qa.test.ts > QA-02 Tracking Business Integration > should preserve raw JSON logs in zen_tracking_raw_logs
[INFO] [TRACKING_MANAGER] Found config for 3ff5b116-29cd-4d90-8dd0-0e99c36a2155: provider_type=API

stdout | tests/integration/tracking-business-qa.test.ts > QA-02 Tracking Business Integration > should preserve raw JSON logs in zen_tracking_raw_logs
[INFO] [MOCK_CARRIER] Raw log saved successfully for 3ff5b116-29cd-4d90-8dd0-0e99c36a2155

stdout | tests/integration/tracking-business-qa.test.ts > QA-02 Tracking Business Integration > should preserve raw JSON logs in zen_tracking_raw_logs
[QA-02] Verified Raw Log: e402d21e-cf6a-411f-998c-1061a835e0da

stdout | tests/integration/tracking-business-qa.test.ts > QA-02 Tracking Business Integration > should maintain sync integrity without duplicating events
[INFO] [TRACKING_MANAGER] Found config for 3ff5b116-29cd-4d90-8dd0-0e99c36a2155: provider_type=API

stdout | tests/integration/tracking-business-qa.test.ts > QA-02 Tracking Business Integration > should maintain sync integrity without duplicating events
[INFO] [MOCK_CARRIER] Raw log saved successfully for 3ff5b116-29cd-4d90-8dd0-0e99c36a2155

stdout | tests/integration/tracking-business-qa.test.ts > QA-02 Tracking Business Integration > should maintain sync integrity without duplicating events
[INFO] [TRACKING_MANAGER] Found config for 3ff5b116-29cd-4d90-8dd0-0e99c36a2155: provider_type=API

stdout | tests/integration/tracking-business-qa.test.ts > QA-02 Tracking Business Integration > should maintain sync integrity without duplicating events
[INFO] [MOCK_CARRIER] Raw log saved successfully for 3ff5b116-29cd-4d90-8dd0-0e99c36a2155

stdout | tests/integration/tracking-business-qa.test.ts > QA-02 Tracking Business Integration > should maintain sync integrity without duplicating events
[QA-02] Verified Sync Integrity: No duplicates for 3ff5b116-29cd-4d90-8dd0-0e99c36a2155

 ✓ tests/integration/tracking-business-qa.test.ts (2 tests) 127ms
 ✓ tests/unit/finance/pdf.test.ts (1 test) 25ms
(node:87599) Warning: `--localstorage-file` was provided without a valid path
(Use `node --trace-warnings ...` to show where the warning was created)
stdout | tests/integration/uat-phase3-e2e.test.ts > ZENITH Phase 3 UAT: E2E + Routing Integrated Validation > TC-UAT-E2E.1: 완전 물류 사이클 (오더 → 경로 → 트래킹 → 정산 → 세금계산서)
[INFO] [Action] calculateSettlementAction started for order: order-e2e-1

stdout | tests/integration/uat-phase3-e2e.test.ts > ZENITH Phase 3 UAT: E2E + Routing Integrated Validation > TC-UAT-E2E.1: 완전 물류 사이클 (오더 → 경로 → 트래킹 → 정산 → 세금계산서)
[INFO] [Action] User Profile: undefined, Role: ADMIN

stdout | tests/integration/uat-phase3-e2e.test.ts > ZENITH Phase 3 UAT: E2E + Routing Integrated Validation > TC-UAT-E2E.1: 완전 물류 사이클 (오더 → 경로 → 트래킹 → 정산 → 세금계산서)
[INFO] [Action] Settlement calculation result for order-e2e-1: {
  success: true,
  chargeableWeight: 100,
  totalFreight: 1000,
  currency: 'USD',
  costId: 'cost-uuid-1'
}

stdout | tests/integration/uat-phase3-e2e.test.ts > ZENITH Phase 3 UAT: E2E + Routing Integrated Validation > TC-UAT-E2E.1: 완전 물류 사이클 (오더 → 경로 → 트래킹 → 정산 → 세금계산서)
[INFO] [Action] Fetched 0 costs for order-e2e-1

 ✓ tests/integration/uat-phase3-e2e.test.ts (2 tests) 18ms
(node:87630) Warning: `--localstorage-file` was provided without a valid path
(Use `node --trace-warnings ...` to show where the warning was created)
 ✓ tests/integration/fin-03.test.ts (3 tests) 15ms
stdout | tests/unit/logistics/voc.test.ts > VOC Action Unit Tests > should create a VOC successfully when user has ownership of the order
[INFO] [DEBUG] Verifying order ownership: order_id=550e8400-e29b-41d4-a716-446655440001, org_id=test-org-id

stdout | tests/unit/logistics/voc.test.ts > VOC Action Unit Tests > should create a VOC successfully when user has ownership of the order
[INFO] [DEBUG] Order found: no=ORD-1001, shipper_id=test-org-id
[INFO] [DEBUG] Inserting into zen_voc...
[INFO] [DEBUG] VOC Insert data: {
  order_id: '550e8400-e29b-41d4-a716-446655440001',
  org_id: 'test-org-id',
  created_by: 'test-user-id',
  type: 'DELAY',
  title: 'Test VOC Title',
  description: 'Test VOC Description',
  status: 'OPEN'
}

stdout | tests/unit/logistics/voc.test.ts > VOC Action Unit Tests > should create a VOC successfully when user has ownership of the order
[INFO] [DEBUG] VOC creation SUCCESS: { id: 'voc-123' }

stdout | tests/unit/logistics/voc.test.ts > VOC Action Unit Tests > should throw error when user tries to create VOC for an order they do not own
[INFO] [DEBUG] Verifying order ownership: order_id=550e8400-e29b-41d4-a716-446655440002, org_id=test-org-id

stdout | tests/unit/logistics/voc.test.ts > VOC Action Unit Tests > should throw error when user tries to create VOC for an order they do not own
[INFO] [DEBUG] Order found: no=ORD-1002, shipper_id=other-org-id

stderr | tests/unit/logistics/voc.test.ts > VOC Action Unit Tests > should throw error when user tries to create VOC for an order they do not own
[ERROR] [DEBUG] UNAUTHORIZED: order.shipper_id(other-org-id) !== profile.org_id(test-org-id)

stderr | tests/unit/logistics/voc.test.ts > VOC Action Unit Tests > should throw error when user tries to create VOC for an order they do not own
[ERROR] [Action Error] Error: UNAUTHORIZED: Access denied to this order
    at /Users/edward.kwon/WorkSpace/ZENITH_LMS_001/src/app/actions/misc/voc.ts:85:11
    at processTicksAndRejections (node:internal/process/task_queues:104:5)
    at Module.<anonymous> (/Users/edward.kwon/WorkSpace/ZENITH_LMS_001/src/lib/actions/wrapper.ts:13:20)
    at /Users/edward.kwon/WorkSpace/ZENITH_LMS_001/tests/unit/logistics/voc.test.ts:107:20
    at file:///Users/edward.kwon/WorkSpace/ZENITH_LMS_001/node_modules/@vitest/runner/dist/chunk-artifact.js:1903:20

 ✓ tests/unit/logistics/voc.test.ts (2 tests) 9ms
(node:87662) Warning: `--localstorage-file` was provided without a valid path
(Use `node --trace-warnings ...` to show where the warning was created)
 ✓ tests/unit/master/master_policy.test.ts (4 tests) 4ms
(node:87693) Warning: `--localstorage-file` was provided without a valid path
(Use `node --trace-warnings ...` to show where the warning was created)
stderr | tests/integration/finance.test.ts > ZENITH Finance Integration: WBS 3.2 Integrity Test > Scenario 1: Auto-Invoicing on Order Release > TC-F.1: [Success] 오더가 RELEASED 상태가 될 때 정산서가 자동 생성되어야 함
[ERROR] [ERROR] Notification trigger failed: Error: `cookies` was called outside a request scope. Read more: https://nextjs.org/docs/messages/next-dynamic-api-wrong-context
    at throwForMissingRequestStore (/Users/edward.kwon/WorkSpace/ZENITH_LMS_001/node_modules/next/dist/server/app-render/work-unit-async-storage.external.js:75:33)
    at cookies (/Users/edward.kwon/WorkSpace/ZENITH_LMS_001/node_modules/next/dist/server/request/cookies.js:126:67)
    at createClient (/Users/edward.kwon/WorkSpace/ZENITH_LMS_001/src/utils/supabase/server.ts:7:29)
    at triggerStatusChangeNotification (/Users/edward.kwon/WorkSpace/ZENITH_LMS_001/src/app/actions/misc/notifications.ts:47:46)
    at /Users/edward.kwon/WorkSpace/ZENITH_LMS_001/src/app/actions/operations/orders.ts:267:13
    at processTicksAndRejections (node:internal/process/task_queues:104:5)
    at async Promise.all (index 1)
    at Module.updateOrderStatus (/Users/edward.kwon/WorkSpace/ZENITH_LMS_001/src/app/actions/operations/orders.ts:260:3)
    at /Users/edward.kwon/WorkSpace/ZENITH_LMS_001/tests/integration/finance.test.ts:72:22
    at file:///Users/edward.kwon/WorkSpace/ZENITH_LMS_001/node_modules/@vitest/runner/dist/chunk-artifact.js:1903:20

stderr | tests/integration/finance.test.ts > ZENITH Finance Integration: WBS 3.2 Integrity Test > Scenario 4: Multi-Currency & Security Expansion (TC-F.4~6) > TC-F.6: [Policy] 인보이스가 생성된 오더는 상태 변경이 제한되어야 함 (Data Integrity)
[ERROR] [ERROR] Notification trigger failed: Error: `cookies` was called outside a request scope. Read more: https://nextjs.org/docs/messages/next-dynamic-api-wrong-context
    at throwForMissingRequestStore (/Users/edward.kwon/WorkSpace/ZENITH_LMS_001/node_modules/next/dist/server/app-render/work-unit-async-storage.external.js:75:33)
    at cookies (/Users/edward.kwon/WorkSpace/ZENITH_LMS_001/node_modules/next/dist/server/request/cookies.js:126:67)
    at createClient (/Users/edward.kwon/WorkSpace/ZENITH_LMS_001/src/utils/supabase/server.ts:7:29)
    at triggerStatusChangeNotification (/Users/edward.kwon/WorkSpace/ZENITH_LMS_001/src/app/actions/misc/notifications.ts:47:46)
    at /Users/edward.kwon/WorkSpace/ZENITH_LMS_001/src/app/actions/operations/orders.ts:267:13
    at processTicksAndRejections (node:internal/process/task_queues:104:5)
    at async Promise.all (index 1)
    at Module.updateOrderStatus (/Users/edward.kwon/WorkSpace/ZENITH_LMS_001/src/app/actions/operations/orders.ts:260:3)
    at /Users/edward.kwon/WorkSpace/ZENITH_LMS_001/tests/integration/finance.test.ts:134:22
    at file:///Users/edward.kwon/WorkSpace/ZENITH_LMS_001/node_modules/@vitest/runner/dist/chunk-artifact.js:1903:20

 ✓ tests/integration/finance.test.ts (6 tests) 9ms
stderr | tests/unit/member/grade-promotion.test.ts > Grade Promotion Unit Tests > Member Actions > should prevent promotion request if one is pending
[ERROR] [Action Error] Error: 이미 대기 중인 승급 신청이 있습니다.
    at /Users/edward.kwon/WorkSpace/ZENITH_LMS_001/src/app/actions/admin/member.ts:169:11
    at processTicksAndRejections (node:internal/process/task_queues:104:5)
    at Module.<anonymous> (/Users/edward.kwon/WorkSpace/ZENITH_LMS_001/src/lib/actions/wrapper.ts:13:20)
    at /Users/edward.kwon/WorkSpace/ZENITH_LMS_001/tests/unit/member/grade-promotion.test.ts:140:22
    at file:///Users/edward.kwon/WorkSpace/ZENITH_LMS_001/node_modules/@vitest/runner/dist/chunk-artifact.js:1903:20

 ✓ tests/unit/member/grade-promotion.test.ts (5 tests) 8ms
stderr | tests/unit/rates/rates.test.ts > Rates Actions Unit Tests > TC-RATES-01: should restrict createRateCard to ADMIN or MANAGER
[ERROR] [Action Error] Error: 요율 등록 권한이 없습니다.
    at /Users/edward.kwon/WorkSpace/ZENITH_LMS_001/src/app/actions/admin/rates.ts:21:11
    at processTicksAndRejections (node:internal/process/task_queues:104:5)
    at Module.<anonymous> (/Users/edward.kwon/WorkSpace/ZENITH_LMS_001/src/lib/actions/wrapper.ts:13:20)
    at /Users/edward.kwon/WorkSpace/ZENITH_LMS_001/tests/unit/rates/rates.test.ts:43:20

stderr | tests/unit/rates/rates.test.ts > Rates Actions Unit Tests > TC-RATES-03: should restrict deleteRateCard to ADMIN only
[ERROR] [Action Error] Error: 요율 삭제 권한은 관리자(ADMIN)만 가능합니다.
    at /Users/edward.kwon/WorkSpace/ZENITH_LMS_001/src/app/actions/admin/rates.ts:107:11
    at processTicksAndRejections (node:internal/process/task_queues:104:5)
    at Module.<anonymous> (/Users/edward.kwon/WorkSpace/ZENITH_LMS_001/src/lib/actions/wrapper.ts:13:20)
    at /Users/edward.kwon/WorkSpace/ZENITH_LMS_001/tests/unit/rates/rates.test.ts:67:20

 ✓ tests/unit/rates/rates.test.ts (4 tests) 7ms
(node:87735) Warning: `--localstorage-file` was provided without a valid path
(Use `node --trace-warnings ...` to show where the warning was created)
 ✓ tests/integration/rou-01.test.ts (10 tests) 6ms
 ✓ tests/unit/support/support-actions.test.ts (10 tests) 6ms
 ✓ tests/integration/inventory.test.ts (7 tests) 6ms
stdout | tests/unit/customs/customs-declaration.test.ts > Customs Server Actions > TC-CCL-01: createDeclaration — 초기 상태 PENDING
[INFO] [AUTH_TRACE] User: undefined, Role: ADMIN, Path: /admin, Allowed: true

stdout | tests/unit/customs/customs-declaration.test.ts > Customs Server Actions > TC-CCL-04: getDeclarations — 화주별 권한 격리
[INFO] [DEBUG] validateUserAction START

stdout | tests/unit/customs/customs-declaration.test.ts > Customs Server Actions > TC-CCL-04: getDeclarations — 화주별 권한 격리
[INFO] [DEBUG] validateUserAction: Supabase client created

stdout | tests/unit/customs/customs-declaration.test.ts > Customs Server Actions > TC-CCL-04: getDeclarations — 화주별 권한 격리
[INFO] [DEBUG] validateUserAction: getUser result { hasUser: true, email: undefined, error: undefined }

stdout | tests/unit/customs/customs-declaration.test.ts > Customs Server Actions > TC-CCL-04: getDeclarations — 화주별 권한 격리
[INFO] [DEBUG] validateUserAction: profile result { hasProfile: true, error: null }

stdout | tests/unit/customs/customs-declaration.test.ts > Customs Server Actions > TC-CCL-04: getDeclarations — 화주별 권한 격리
[INFO] [getDeclarations] User: undefined, Role: ADMIN, IsAdmin: true

stdout | tests/unit/customs/customs-declaration.test.ts > Customs Server Actions > TC-CCL-02: updateDeclarationStatus — 상태/메모 업데이트
[INFO] [AUTH_TRACE] User: undefined, Role: ADMIN, Path: /admin, Allowed: true

stdout | tests/unit/customs/customs-declaration.test.ts > Customs Server Actions > TC-CCL-03: submitDeclaration — 어댑터 연동 및 SUBMITTED 전환
[INFO] [AUTH_TRACE] User: undefined, Role: ADMIN, Path: /admin, Allowed: true

 ✓ tests/unit/customs/customs-declaration.test.ts (4 tests) 6ms
(node:87796) Warning: `--localstorage-file` was provided without a valid path
(Use `node --trace-warnings ...` to show where the warning was created)
 ✓ tests/unit/logistics/order-actions.test.ts (4 tests) 6ms
stderr | tests/unit/member/corporate.test.ts > Corporate Actions Unit Tests > TC-MEM-04: should return error if unauthorized role tries to update org info
[ERROR] [Action Error] Error: 조직 정보를 수정할 권한이 없습니다.
    at /Users/edward.kwon/WorkSpace/ZENITH_LMS_001/src/app/actions/admin/corporate.ts:46:11
    at processTicksAndRejections (node:internal/process/task_queues:104:5)
    at Module.<anonymous> (/Users/edward.kwon/WorkSpace/ZENITH_LMS_001/src/lib/actions/wrapper.ts:13:20)
    at /Users/edward.kwon/WorkSpace/ZENITH_LMS_001/tests/unit/member/corporate.test.ts:75:20

 ✓ tests/unit/member/corporate.test.ts (4 tests) 6ms
(node:87841) Warning: `--localstorage-file` was provided without a valid path
(Use `node --trace-warnings ...` to show where the warning was created)
stderr | tests/unit/member/profile.test.ts > Profile Actions Unit Tests > TC-PROFILE-04: should handle error during withdrawal
[ERROR] [MEMBER_ACTION] withdrawUser Error: DB Error

 ✓ tests/unit/member/profile.test.ts (4 tests) 4ms
(node:87854) Warning: `--localstorage-file` was provided without a valid path
(Use `node --trace-warnings ...` to show where the warning was created)
stderr | tests/integration/tracking.test.ts > ZENITH Tracking Visibility: Phase 3.3 Multi-Agent Cases > Scenario 3: Governance & Security (CIO Case) > TC-TR.5: [Security] 타 화주 소속의 트래킹 정보 조회가 차단되어야 함
[WARN] [TRACKING] No config found for order: other-corp-order

 ✓ tests/integration/tracking.test.ts (6 tests) 5ms
 ✓ tests/unit/logistics/order-validation.test.ts (8 tests) 4ms
stdout | tests/unit/auth/guards.test.ts > ZENITH Security Guard: Server Action Authorization > TC-G.1: [Success] 관리자 권한을 가진 사용자는 프로필 전체 정보를 반환해야 함
[INFO] [AUTH_TRACE] User: admin@zenith.kr, Role: ADMIN, Path: /admin, Allowed: [object Promise]

stdout | tests/unit/auth/guards.test.ts > ZENITH Security Guard: Server Action Authorization > TC-G.2: [Failure] 권한이 없는 사용자가 관리자 액션 호출 시 예외를 발생시켜야 함
[INFO] [AUTH_TRACE] User: admin@zenith.kr, Role: CUSTOMER, Path: /admin, Allowed: false

stderr | tests/unit/auth/guards.test.ts > ZENITH Security Guard: Server Action Authorization > TC-G.2: [Failure] 권한이 없는 사용자가 관리자 액션 호출 시 예외를 발생시켜야 함
[ERROR] [AUTH_DENIED] Access blocked for admin@zenith.kr (Role: CUSTOMER)

stdout | tests/unit/auth/guards.test.ts > ZENITH Security Guard: Server Action Authorization > TC-G.4: [Success] 일반 사용자 액션 가드는 권한 체크 없이 프로필을 반환해야 함
[INFO] [DEBUG] validateUserAction START

stdout | tests/unit/auth/guards.test.ts > ZENITH Security Guard: Server Action Authorization > TC-G.4: [Success] 일반 사용자 액션 가드는 권한 체크 없이 프로필을 반환해야 함
[INFO] [DEBUG] validateUserAction: Supabase client created

stdout | tests/unit/auth/guards.test.ts > ZENITH Security Guard: Server Action Authorization > TC-G.4: [Success] 일반 사용자 액션 가드는 권한 체크 없이 프로필을 반환해야 함
[INFO] [DEBUG] validateUserAction: getUser result { hasUser: true, email: 'admin@zenith.kr', error: undefined }

stdout | tests/unit/auth/guards.test.ts > ZENITH Security Guard: Server Action Authorization > TC-G.4: [Success] 일반 사용자 액션 가드는 권한 체크 없이 프로필을 반환해야 함
[INFO] [DEBUG] validateUserAction: profile result { hasProfile: true, error: undefined }

 ✓ tests/unit/auth/guards.test.ts (4 tests) 5ms
 ✓ tests/unit/claims/claims-actions.test.ts (5 tests) 5ms
(node:87895) Warning: `--localstorage-file` was provided without a valid path
(Use `node --trace-warnings ...` to show where the warning was created)
 ✓ tests/unit/master/master-actions.test.ts (6 tests) 5ms
 ✓ tests/unit/logistics/inventory.test.ts (4 tests) 5ms
(node:87915) Warning: `--localstorage-file` was provided without a valid path
(Use `node --trace-warnings ...` to show where the warning was created)
stdout | tests/unit/logistics/tracking.test.ts > TrackingManager > should prevent duplicate tracking events
[INFO] [TRACKING_MANAGER] Found config for test-order-id: provider_type=API

stdout | tests/unit/logistics/tracking.test.ts > TrackingManager > should prevent duplicate tracking events
[INFO] [TRACKING_SYNC] Order test-order-id status updated to IN_TRANSIT

stdout | tests/unit/logistics/tracking.test.ts > TrackingManager > should prevent duplicate tracking events
[INFO] [TRACKING_MANAGER] Order test-order-id is delayed. Last event was 662.3h ago (Threshold: 48h)

stdout | tests/unit/logistics/tracking.test.ts > TrackingManager > should prevent duplicate tracking events
[INFO] [TRACKING_SYNC] Order test-order-id status updated to HELD

stdout | tests/unit/logistics/tracking.test.ts > TrackingManager > should sync order status when new events are added
[INFO] [TRACKING_SYNC] Order test-order-id status updated to DELIVERED

stderr | tests/unit/logistics/tracking.test.ts > TrackingManager > should sync order status when new events are added
[ERROR] [NOTIF] Failed to fetch order for notification: undefined

stdout | tests/unit/logistics/tracking.test.ts > TrackingManager > TC-OPS-04: [Success] should detect delay when last event is older than threshold
[INFO] [TRACKING_MANAGER] Found config for delay-order-id: provider_type=API

stdout | tests/unit/logistics/tracking.test.ts > TrackingManager > TC-OPS-04: [Success] should detect delay when last event is older than threshold
[INFO] [TRACKING_MANAGER] Order delay-order-id is delayed. Last event was 50.0h ago (Threshold: 48h)

stdout | tests/unit/logistics/tracking.test.ts > TrackingManager > TC-OPS-04: [Success] should detect delay when last event is older than threshold
[INFO] [TRACKING_SYNC] Order delay-order-id status updated to HELD

stderr | tests/unit/logistics/tracking.test.ts > TrackingManager > TC-OPS-04: [Success] should detect delay when last event is older than threshold
[ERROR] [NOTIF] Failed to fetch order for notification: null

 ✓ tests/unit/logistics/tracking.test.ts (3 tests) 6ms
 ✓ tests/integration/notifications.test.ts (5 tests) 5ms
 ✓ tests/unit/finance/report.test.ts (4 tests) 5ms
(node:87946) Warning: `--localstorage-file` was provided without a valid path
(Use `node --trace-warnings ...` to show where the warning was created)
 ✓ tests/unit/logistics/order-status.test.ts (3 tests) 4ms
 ✓ tests/unit/monitoring/error-log.test.ts (4 tests) 4ms
 ✓ tests/unit/finance/wallet.test.ts (4 tests) 4ms
(node:87998) Warning: `--localstorage-file` was provided without a valid path
(Use `node --trace-warnings ...` to show where the warning was created)
 ✓ tests/unit/documents/document-actions.test.ts (3 tests) 4ms
 ✓ tests/unit/monitoring/logger.test.ts (4 tests) 3ms
(node:88012) Warning: `--localstorage-file` was provided without a valid path
(Use `node --trace-warnings ...` to show where the warning was created)
stderr | tests/unit/params/service.test.ts > SystemParamService > TC-OPS-02: [Success] getNumericParam should return default value if DB record is missing
[ERROR] [PARAM_SERVICE] Error fetching param MISSING_KEY: Not found

 ✓ tests/unit/params/service.test.ts (5 tests) 3ms
 ✓ tests/unit/support/order-qna.test.ts (3 tests) 3ms
(node:88040) Warning: `--localstorage-file` was provided without a valid path
(Use `node --trace-warnings ...` to show where the warning was created)
 ✓ tests/integration/rou-02.test.ts (3 tests) 3ms
(node:88042) Warning: `--localstorage-file` was provided without a valid path
(Use `node --trace-warnings ...` to show where the warning was created)
 ✓ tests/unit/master/master-detail.test.ts (2 tests) 3ms
(node:88060) Warning: `--localstorage-file` was provided without a valid path
(Use `node --trace-warnings ...` to show where the warning was created)
 ✓ tests/unit/logistics/affiliation.test.ts (3 tests) 3ms
 ✓ tests/unit/logistics/status-machine.test.ts (22 tests) 4ms
 ✓ tests/unit/monitoring/wrapper.test.ts (3 tests) 3ms
(node:88093) Warning: `--localstorage-file` was provided without a valid path
(Use `node --trace-warnings ...` to show where the warning was created)
 ✓ tests/unit/params/feature-flags.test.ts (3 tests) 3ms
 ✓ tests/unit/auth/rbac.test.ts (7 tests) 3ms
 ✓ tests/unit/routing/scoring.test.ts (10 tests) 3ms
 ✓ tests/unit/statistics/stats-actions.test.ts (2 tests) 3ms
 ✓ tests/unit/logistics/freight-calculator.test.ts (5 tests) 2ms
 ✓ tests/unit/master/aviation-master.test.ts (2 tests) 2ms
 ✓ tests/unit/logistics/rate-engine.test.ts (4 tests) 2ms

 Test Files  44 passed (44)
      Tests  209 passed (209)
   Start at  23:20:20
   Duration  38.15s (transform 572ms, setup 2.88s, import 3.10s, tests 365ms, environment 25.34s)
