> vitest run
 RUN  v4.1.4 /Users/edward.kwon/WorkSpace/ZENITH_LMS_001
stdout | tests/integration/tracking-business-qa.test.ts > QA-02 Tracking Business Integration > should preserve raw JSON logs in zen_tracking_raw_logs
[QA-02] Direct Config Check: { count: 1, checkError: null }
stdout | tests/integration/tracking-business-qa.test.ts > QA-02 Tracking Business Integration > should preserve raw JSON logs in zen_tracking_raw_logs
[TRACKING_MANAGER] Found config for 3ff5b116-29cd-4d90-8dd0-0e99c36a2155: provider_type=API
stdout | tests/integration/tracking-business-qa.test.ts > QA-02 Tracking Business Integration
[QA-02] Starting beforeAll setup...
stdout | tests/integration/tracking-business-qa.test.ts > QA-02 Tracking Business Integration
[QA-02] Cleanup done: { delConfigError: null, delOrderError: null }
stdout | tests/integration/tracking-business-qa.test.ts > QA-02 Tracking Business Integration
[QA-02] Mock order inserted successfully
stdout | tests/integration/tracking-business-qa.test.ts > QA-02 Tracking Business Integration
[QA-02] Mock config inserted successfully
 ❯ tests/integration/tracking-business-qa.test.ts (2 tests | 1 failed) 157ms
     × should preserve raw JSON logs in zen_tracking_raw_logs 36ms
 Test Files  1 failed | 41 passed (42)
      Tests  1 failed | 198 passed (199)
   Start at  10:09:20
   Duration  36.85s (transform 440ms, setup 2.65s, import 3.00s, tests 396ms, environment 24.36s)
(node:469) Warning: `--localstorage-file` was provided without a valid path
(Use `node --trace-warnings ...` to show where the warning was created)
stderr | tests/integration/tracking-business-qa.test.ts > QA-02 Tracking Business Integration > should preserve raw JSON logs in zen_tracking_raw_logs
[MOCK_CARRIER] Failed to save raw log for 3ff5b116-29cd-4d90-8dd0-0e99c36a2155: {
  code: '23502',
  details: 'Failing row contains (7f37c954-0f9b-4c0b-88c7-771c57e71e48, 3ff5b116-29cd-4d90-8dd0-0e99c36a2155, null, null, {"checkpoints": [{"loc": "Shanghai, CN", "msg": "Departed from o..., 2026-05-20 01:09:21.832997+00).',
  hint: null,
  message: 'null value in column "provider_name" of relation "zen_tracking_raw_logs" violates not-null constraint'
}
(node:521) Warning: `--localstorage-file` was provided without a valid path
(Use `node --trace-warnings ...` to show where the warning was created)
(node:559) Warning: `--localstorage-file` was provided without a valid path
(Use `node --trace-warnings ...` to show where the warning was created)
(node:562) Warning: `--localstorage-file` was provided without a valid path
(Use `node --trace-warnings ...` to show where the warning was created)
(node:584) Warning: `--localstorage-file` was provided without a valid path
(Use `node --trace-warnings ...` to show where the warning was created)
(node:637) Warning: `--localstorage-file` was provided without a valid path
(Use `node --trace-warnings ...` to show where the warning was created)
(node:663) Warning: `--localstorage-file` was provided without a valid path
(Use `node --trace-warnings ...` to show where the warning was created)
(node:807) Warning: `--localstorage-file` was provided without a valid path
(Use `node --trace-warnings ...` to show where the warning was created)
(node:869) Warning: `--localstorage-file` was provided without a valid path
(Use `node --trace-warnings ...` to show where the warning was created)
(node:904) Warning: `--localstorage-file` was provided without a valid path
(Use `node --trace-warnings ...` to show where the warning was created)
(node:921) Warning: `--localstorage-file` was provided without a valid path
(Use `node --trace-warnings ...` to show where the warning was created)
(node:961) Warning: `--localstorage-file` was provided without a valid path
(Use `node --trace-warnings ...` to show where the warning was created)
(node:983) Warning: `--localstorage-file` was provided without a valid path
(Use `node --trace-warnings ...` to show where the warning was created)
(node:995) Warning: `--localstorage-file` was provided without a valid path
(Use `node --trace-warnings ...` to show where the warning was created)
(node:1062) Warning: `--localstorage-file` was provided without a valid path
(Use `node --trace-warnings ...` to show where the warning was created)
(node:1068) Warning: `--localstorage-file` was provided without a valid path
(Use `node --trace-warnings ...` to show where the warning was created)
(node:1070) Warning: `--localstorage-file` was provided without a valid path
(Use `node --trace-warnings ...` to show where the warning was created)
(node:1089) Warning: `--localstorage-file` was provided without a valid path
(Use `node --trace-warnings ...` to show where the warning was created)
⎯⎯⎯⎯⎯⎯⎯ Failed Tests 1 ⎯⎯⎯⎯⎯⎯⎯
 FAIL  tests/integration/tracking-business-qa.test.ts > QA-02 Tracking Business Integration > should preserve raw JSON logs in zen_tracking_raw_logs
AssertionError: expected 0 to be greater than 0
 ❯ tests/integration/tracking-business-qa.test.ts:91:26
     89|     expect(logError).toBeNull();
     90|     expect(logs).toBeDefined();
     91|     expect(logs!.length).toBeGreaterThan(0);
       |                          ^
     92|
     93|     const latestLog = logs![0];
⎯⎯⎯⎯⎯⎯⎯⎯⎯⎯⎯⎯⎯⎯⎯⎯⎯⎯⎯⎯⎯⎯⎯⎯[1/1]⎯
