> vitest run
 RUN  v4.1.4 /Users/edward.kwon/WorkSpace/ZENITH_LMS_001
stdout | tests/integration/tracking-business-qa.test.ts > QA-02 Tracking Business Integration
[QA-02] Starting beforeAll setup...
stdout | tests/integration/tracking-business-qa.test.ts > QA-02 Tracking Business Integration
[QA-02] Cleanup done: { delConfigError: null, delOrderError: null }
stdout | tests/integration/tracking-business-qa.test.ts > QA-02 Tracking Business Integration
[QA-02] Mock order inserted successfully
stdout | tests/integration/tracking-business-qa.test.ts > QA-02 Tracking Business Integration
[QA-02] Mock config inserted successfully
stdout | tests/integration/tracking-business-qa.test.ts > QA-02 Tracking Business Integration > should preserve raw JSON logs in zen_tracking_raw_logs
[QA-02] Direct Config Check: { count: 1, checkError: null }
stdout | tests/integration/tracking-business-qa.test.ts > QA-02 Tracking Business Integration > should preserve raw JSON logs in zen_tracking_raw_logs
[TRACKING_MANAGER] Found config for 3ff5b116-29cd-4d90-8dd0-0e99c36a2155: provider_type=API
[MOCK_CARRIER] Attempting to insert raw log for order 3ff5b116-29cd-4d90-8dd0-0e99c36a2155
stdout | tests/integration/tracking-business-qa.test.ts > QA-02 Tracking Business Integration > should preserve raw JSON logs in zen_tracking_raw_logs
[MOCK_CARRIER] Raw log saved successfully for 3ff5b116-29cd-4d90-8dd0-0e99c36a2155
stdout | tests/integration/tracking-business-qa.test.ts > QA-02 Tracking Business Integration > should preserve raw JSON logs in zen_tracking_raw_logs
[TRACKING_SYNC] Order 3ff5b116-29cd-4d90-8dd0-0e99c36a2155 status updated to IN_TRANSIT
stdout | tests/integration/tracking-business-qa.test.ts > QA-02 Tracking Business Integration > should preserve raw JSON logs in zen_tracking_raw_logs
[QA-02] Verified Raw Log: c8ed1a2e-13be-4474-bf95-3335fb4d6c87
stdout | tests/integration/tracking-business-qa.test.ts > QA-02 Tracking Business Integration > should maintain sync integrity without duplicating events
[TRACKING_MANAGER] Found config for 3ff5b116-29cd-4d90-8dd0-0e99c36a2155: provider_type=API
[MOCK_CARRIER] Attempting to insert raw log for order 3ff5b116-29cd-4d90-8dd0-0e99c36a2155
stdout | tests/integration/tracking-business-qa.test.ts > QA-02 Tracking Business Integration > should maintain sync integrity without duplicating events
[MOCK_CARRIER] Raw log saved successfully for 3ff5b116-29cd-4d90-8dd0-0e99c36a2155
stdout | tests/integration/tracking-business-qa.test.ts > QA-02 Tracking Business Integration > should maintain sync integrity without duplicating events
[TRACKING_MANAGER] Found config for 3ff5b116-29cd-4d90-8dd0-0e99c36a2155: provider_type=API
[MOCK_CARRIER] Attempting to insert raw log for order 3ff5b116-29cd-4d90-8dd0-0e99c36a2155
stdout | tests/integration/tracking-business-qa.test.ts > QA-02 Tracking Business Integration > should maintain sync integrity without duplicating events
[MOCK_CARRIER] Raw log saved successfully for 3ff5b116-29cd-4d90-8dd0-0e99c36a2155
stdout | tests/integration/tracking-business-qa.test.ts > QA-02 Tracking Business Integration > should maintain sync integrity without duplicating events
[QA-02] Verified Sync Integrity: No duplicates for 3ff5b116-29cd-4d90-8dd0-0e99c36a2155
 ✓ tests/integration/tracking-business-qa.test.ts (2 tests) 186ms
 ✓ tests/unit/finance/pdf.test.ts (1 test) 29ms
stdout | tests/integration/uat-phase3-e2e.test.ts > ZENITH Phase 3 UAT: E2E + Routing Integrated Validation > TC-UAT-E2E.1: 완전 물류 사이클 (오더 → 경로 → 트래킹 → 정산 → 세금계산서)
[Action] calculateSettlementAction started for order: order-e2e-1
stdout | tests/integration/uat-phase3-e2e.test.ts > ZENITH Phase 3 UAT: E2E + Routing Integrated Validation > TC-UAT-E2E.1: 완전 물류 사이클 (오더 → 경로 → 트래킹 → 정산 → 세금계산서)
[Action] User Profile: undefined, Role: ADMIN
stdout | tests/integration/uat-phase3-e2e.test.ts > ZENITH Phase 3 UAT: E2E + Routing Integrated Validation > TC-UAT-E2E.1: 완전 물류 사이클 (오더 → 경로 → 트래킹 → 정산 → 세금계산서)
[Action] Settlement calculation result for order-e2e-1: {
  success: true,
  chargeableWeight: 100,
  totalFreight: 1000,
  currency: 'USD',
  costId: 'cost-uuid-1'
}
stdout | tests/integration/uat-phase3-e2e.test.ts > ZENITH Phase 3 UAT: E2E + Routing Integrated Validation > TC-UAT-E2E.1: 완전 물류 사이클 (오더 → 경로 → 트래킹 → 정산 → 세금계산서)
[Action] Fetched 0 costs for order-e2e-1
stdout | tests/integration/uat-phase3-e2e.test.ts > ZENITH Phase 3 UAT: E2E + Routing Integrated Validation > TC-UAT-E2E.1: 완전 물류 사이클 (오더 → 경로 → 트래킹 → 정산 → 세금계산서)
[Action] issueTaxInvoice started for invoiceId: invoice-1
stdout | tests/integration/uat-phase3-e2e.test.ts > ZENITH Phase 3 UAT: E2E + Routing Integrated Validation > TC-UAT-E2E.1: 완전 물류 사이클 (오더 → 경로 → 트래킹 → 정산 → 세금계산서)
[Action] Admin authorized: undefined
[Action] Fetching invoice and costs...
stdout | tests/integration/uat-phase3-e2e.test.ts > ZENITH Phase 3 UAT: E2E + Routing Integrated Validation > TC-UAT-E2E.1: 완전 물류 사이클 (오더 → 경로 → 트래킹 → 정산 → 세금계산서)
[Action] Invoice fetched: undefined, Costs count: 0
[Action] Generating tax invoice no: TX-20260515-8540
stdout | tests/integration/uat-phase3-e2e.test.ts > ZENITH Phase 3 UAT: E2E + Routing Integrated Validation > TC-UAT-E2E.1: 완전 물류 사이클 (오더 → 경로 → 트래킹 → 정산 → 세금계산서)
[Action] Parameters: vatRate=0.1, exchangeRate=1350
[Action] Calculated totals: supplyTotal=0, vatTotal=0
[Action] Inserting into zen_tax_invoices...
stdout | tests/integration/uat-phase3-e2e.test.ts > ZENITH Phase 3 UAT: E2E + Routing Integrated Validation > TC-UAT-E2E.1: 완전 물류 사이클 (오더 → 경로 → 트래킹 → 정산 → 세금계산서)
[Action] Tax invoice inserted successfully: tax-inv-uuid-1
[Action] issueTaxInvoice completed successfully
 ✓ tests/integration/uat-phase3-e2e.test.ts (2 tests) 18ms
stdout | tests/integration/fin-03.test.ts > FIN-03 Tax Invoice Regression Tests > TC-F.7: issueTaxInvoice > should successfully issue a tax invoice
[Action] issueTaxInvoice started for invoiceId: inv-1
stdout | tests/integration/fin-03.test.ts > FIN-03 Tax Invoice Regression Tests > TC-F.7: issueTaxInvoice > should successfully issue a tax invoice
[Action] Admin authorized: undefined
[Action] Fetching invoice and costs...
stdout | tests/integration/fin-03.test.ts > FIN-03 Tax Invoice Regression Tests > TC-F.7: issueTaxInvoice > should successfully issue a tax invoice
[Action] Invoice fetched: undefined, Costs count: 1
[Action] Generating tax invoice no: TX-20260515-4851
stdout | tests/integration/fin-03.test.ts > FIN-03 Tax Invoice Regression Tests > TC-F.7: issueTaxInvoice > should successfully issue a tax invoice
[Action] Parameters: vatRate=0.1, exchangeRate=1350
[Action] Calculated totals: supplyTotal=NaN, vatTotal=NaN
[Action] Inserting into zen_tax_invoices...
stdout | tests/integration/fin-03.test.ts > FIN-03 Tax Invoice Regression Tests > TC-F.7: issueTaxInvoice > should successfully issue a tax invoice
[Action] Tax invoice inserted successfully: tax-inv-1
[Action] issueTaxInvoice completed successfully
 ✓ tests/integration/fin-03.test.ts (3 tests) 15ms
 ✓ tests/integration/finance.test.ts (6 tests) 9ms
stdout | tests/unit/customs/customs-declaration.test.ts > Customs Server Actions > TC-CCL-01: createDeclaration — 초기 상태 PENDING
[AUTH_TRACE] User: undefined, Role: ADMIN, Path: /admin, Allowed: true
stdout | tests/unit/customs/customs-declaration.test.ts > Customs Server Actions > TC-CCL-04: getDeclarations — 화주별 권한 격리
[DEBUG] validateUserAction START
stdout | tests/unit/customs/customs-declaration.test.ts > Customs Server Actions > TC-CCL-04: getDeclarations — 화주별 권한 격리
[DEBUG] validateUserAction: Supabase client created
stdout | tests/unit/customs/customs-declaration.test.ts > Customs Server Actions > TC-CCL-04: getDeclarations — 화주별 권한 격리
[DEBUG] validateUserAction: getUser result { hasUser: true, email: undefined, error: undefined }
stdout | tests/unit/customs/customs-declaration.test.ts > Customs Server Actions > TC-CCL-04: getDeclarations — 화주별 권한 격리
[DEBUG] validateUserAction: profile result { hasProfile: true, error: null }
stdout | tests/unit/customs/customs-declaration.test.ts > Customs Server Actions > TC-CCL-04: getDeclarations — 화주별 권한 격리
[getDeclarations] User: undefined, Role: ADMIN, IsAdmin: true
stdout | tests/unit/customs/customs-declaration.test.ts > Customs Server Actions > TC-CCL-02: updateDeclarationStatus — 상태/메모 업데이트
[AUTH_TRACE] User: undefined, Role: ADMIN, Path: /admin, Allowed: true
stdout | tests/unit/customs/customs-declaration.test.ts > Customs Server Actions > TC-CCL-03: submitDeclaration — 어댑터 연동 및 SUBMITTED 전환
[AUTH_TRACE] User: undefined, Role: ADMIN, Path: /admin, Allowed: true
 ✓ tests/unit/customs/customs-declaration.test.ts (4 tests) 7ms
stdout | tests/unit/logistics/voc.test.ts > VOC Action Unit Tests > should create a VOC successfully when user has ownership of the order
[DEBUG] createVoc called
[DEBUG] payload type: object
[DEBUG] payload is null: false
[DEBUG] payload keys: [ 'order_id', 'type', 'title', 'description' ]
[DEBUG] payload stringified: {"order_id":"order-123","type":"DELAY","title":"Test VOC Title","description":"Test VOC Description"}
[DEBUG] createVoc processed data: {
  order_id: 'order-123',
  type: 'DELAY',
  title: 'Test VOC Title',
  description: 'Test VOC Description'
}
stdout | tests/unit/logistics/voc.test.ts > VOC Action Unit Tests > should create a VOC successfully when user has ownership of the order
[DEBUG] Verifying order ownership: order_id=order-123, org_id=test-org-id
stdout | tests/unit/logistics/voc.test.ts > VOC Action Unit Tests > should create a VOC successfully when user has ownership of the order
[DEBUG] Order found: no=ORD-1001, shipper_id=test-org-id
[DEBUG] Inserting into zen_voc...
[DEBUG] VOC Insert data: {
  order_id: 'order-123',
  org_id: 'test-org-id',
  created_by: 'test-user-id',
  type: 'DELAY',
  title: 'Test VOC Title',
  description: 'Test VOC Description',
  status: 'OPEN'
}
stdout | tests/unit/logistics/voc.test.ts > VOC Action Unit Tests > should create a VOC successfully when user has ownership of the order
[DEBUG] VOC creation SUCCESS: { id: 'voc-123' }
stdout | tests/unit/logistics/voc.test.ts > VOC Action Unit Tests > should throw error when user tries to create VOC for an order they do not own
[DEBUG] createVoc called
[DEBUG] payload type: object
[DEBUG] payload is null: false
[DEBUG] payload keys: [ 'order_id', 'type', 'title', 'description' ]
[DEBUG] payload stringified: {"order_id":"order-456","type":"DAMAGE","title":"Hack Attempt","description":"Trying to post VOC to other org order"}
[DEBUG] createVoc processed data: {
  order_id: 'order-456',
  type: 'DAMAGE',
  title: 'Hack Attempt',
  description: 'Trying to post VOC to other org order'
}
stdout | tests/unit/logistics/voc.test.ts > VOC Action Unit Tests > should throw error when user tries to create VOC for an order they do not own
[DEBUG] Verifying order ownership: order_id=order-456, org_id=test-org-id
stdout | tests/unit/logistics/voc.test.ts > VOC Action Unit Tests > should throw error when user tries to create VOC for an order they do not own
[DEBUG] Order found: no=ORD-1002, shipper_id=undefined
 ✓ tests/unit/logistics/voc.test.ts (2 tests) 7ms
 ✓ tests/unit/support/support-actions.test.ts (10 tests) 6ms
 ✓ tests/integration/rou-01.test.ts (10 tests) 6ms
 ✓ tests/unit/member/grade-promotion.test.ts (5 tests) 5ms
 ✓ tests/unit/logistics/order-actions.test.ts (4 tests) 6ms
 ✓ tests/unit/claims/claims-actions.test.ts (5 tests) 6ms
stdout | tests/unit/auth/guards.test.ts > ZENITH Security Guard: Server Action Authorization > TC-G.1: [Success] 관리자 권한을 가진 사용자는 프로필 전체 정보를 반환해야 함
[AUTH_TRACE] User: admin@zenith.kr, Role: ADMIN, Path: /admin, Allowed: [object Promise]
stdout | tests/unit/auth/guards.test.ts > ZENITH Security Guard: Server Action Authorization > TC-G.2: [Failure] 권한이 없는 사용자가 관리자 액션 호출 시 예외를 발생시켜야 함
[AUTH_TRACE] User: admin@zenith.kr, Role: CUSTOMER, Path: /admin, Allowed: false
stdout | tests/unit/auth/guards.test.ts > ZENITH Security Guard: Server Action Authorization > TC-G.4: [Success] 일반 사용자 액션 가드는 권한 체크 없이 프로필을 반환해야 함
[DEBUG] validateUserAction START
stdout | tests/unit/auth/guards.test.ts > ZENITH Security Guard: Server Action Authorization > TC-G.4: [Success] 일반 사용자 액션 가드는 권한 체크 없이 프로필을 반환해야 함
[DEBUG] validateUserAction: Supabase client created
stdout | tests/unit/auth/guards.test.ts > ZENITH Security Guard: Server Action Authorization > TC-G.4: [Success] 일반 사용자 액션 가드는 권한 체크 없이 프로필을 반환해야 함
[DEBUG] validateUserAction: getUser result { hasUser: true, email: 'admin@zenith.kr', error: undefined }
stdout | tests/unit/auth/guards.test.ts > ZENITH Security Guard: Server Action Authorization > TC-G.4: [Success] 일반 사용자 액션 가드는 권한 체크 없이 프로필을 반환해야 함
[DEBUG] validateUserAction: profile result { hasProfile: true, error: undefined }
 ✓ tests/unit/auth/guards.test.ts (4 tests) 5ms
 ✓ tests/integration/notifications.test.ts (5 tests) 4ms
 ✓ tests/integration/tracking.test.ts (6 tests) 5ms
 ✓ tests/unit/logistics/inventory.test.ts (4 tests) 5ms
 ✓ tests/integration/inventory.test.ts (4 tests) 5ms
stdout | tests/unit/logistics/tracking.test.ts > TrackingManager > should prevent duplicate tracking events
[TRACKING_MANAGER] Found config for test-order-id: provider_type=API
stdout | tests/unit/logistics/tracking.test.ts > TrackingManager > should prevent duplicate tracking events
[TRACKING_SYNC] Order test-order-id status updated to IN_TRANSIT
stdout | tests/unit/logistics/tracking.test.ts > TrackingManager > should prevent duplicate tracking events
[TRACKING_MANAGER] Order test-order-id is delayed. Last event was 543.4h ago (Threshold: 48h)
stdout | tests/unit/logistics/tracking.test.ts > TrackingManager > should prevent duplicate tracking events
[TRACKING_SYNC] Order test-order-id status updated to HELD
stdout | tests/unit/logistics/tracking.test.ts > TrackingManager > should sync order status when new events are added
[TRACKING_SYNC] Order test-order-id status updated to DELIVERED
stdout | tests/unit/logistics/tracking.test.ts > TrackingManager > TC-OPS-04: [Success] should detect delay when last event is older than threshold
[TRACKING_MANAGER] Found config for delay-order-id: provider_type=API
stdout | tests/unit/logistics/tracking.test.ts > TrackingManager > TC-OPS-04: [Success] should detect delay when last event is older than threshold
[TRACKING_MANAGER] Order delay-order-id is delayed. Last event was 50.0h ago (Threshold: 48h)
stdout | tests/unit/logistics/tracking.test.ts > TrackingManager > TC-OPS-04: [Success] should detect delay when last event is older than threshold
[TRACKING_SYNC] Order delay-order-id status updated to HELD
 ✓ tests/unit/logistics/tracking.test.ts (3 tests) 5ms
 ✓ tests/unit/master/master-actions.test.ts (6 tests) 4ms
 ✓ tests/unit/rates/rates.test.ts (4 tests) 5ms
 ✓ tests/unit/logistics/order-validation.test.ts (8 tests) 5ms
 ✓ tests/unit/finance/wallet.test.ts (4 tests) 4ms
 ✓ tests/unit/monitoring/error-log.test.ts (4 tests) 4ms
 ✓ tests/unit/logistics/order-status.test.ts (3 tests) 4ms
 ✓ tests/unit/master/master_policy.test.ts (4 tests) 4ms
 ✓ tests/unit/member/profile.test.ts (4 tests) 4ms
 ✓ tests/unit/finance/report.test.ts (4 tests) 4ms
 ✓ tests/unit/member/corporate.test.ts (4 tests) 4ms
 ✓ tests/unit/documents/document-actions.test.ts (3 tests) 4ms
 ✓ tests/unit/params/service.test.ts (5 tests) 3ms
 ✓ tests/unit/support/order-qna.test.ts (3 tests) 3ms
 ✓ tests/unit/master/master-detail.test.ts (2 tests) 3ms
 ✓ tests/unit/logistics/status-machine.test.ts (22 tests) 3ms
 ✓ tests/unit/logistics/affiliation.test.ts (3 tests) 3ms
 ✓ tests/integration/rou-02.test.ts (3 tests) 3ms
 ✓ tests/unit/params/feature-flags.test.ts (3 tests) 3ms
 ✓ tests/unit/auth/rbac.test.ts (7 tests) 2ms
 ✓ tests/unit/routing/scoring.test.ts (10 tests) 2ms
 ✓ tests/unit/statistics/stats-actions.test.ts (2 tests) 2ms
 ✓ tests/unit/logistics/rate-engine.test.ts (4 tests) 2ms
 ✓ tests/unit/logistics/freight-calculator.test.ts (5 tests) 2ms
 ✓ tests/unit/master/aviation-master.test.ts (2 tests) 2ms
 Test Files  42 passed (42)
      Tests  199 passed (199)
   Start at  00:23:42
   Duration  33.31s (transform 383ms, setup 2.43s, import 2.41s, tests 406ms, environment 22.19s)
(node:21903) Warning: `--localstorage-file` was provided without a valid path
(Use `node --trace-warnings ...` to show where the warning was created)
(node:21940) Warning: `--localstorage-file` was provided without a valid path
(Use `node --trace-warnings ...` to show where the warning was created)
(node:21941) Warning: `--localstorage-file` was provided without a valid path
(Use `node --trace-warnings ...` to show where the warning was created)
(node:21950) Warning: `--localstorage-file` was provided without a valid path
(Use `node --trace-warnings ...` to show where the warning was created)
stderr | tests/integration/finance.test.ts > ZENITH Finance Integration: WBS 3.2 Integrity Test > Scenario 1: Auto-Invoicing on Order Release > TC-F.1: [Success] 오더가 RELEASED 상태가 될 때 정산서가 자동 생성되어야 함
[ERROR] Notification trigger failed: Error: `cookies` was called outside a request scope. Read more: https://nextjs.org/docs/messages/next-dynamic-api-wrong-context
    at throwForMissingRequestStore (/Users/edward.kwon/WorkSpace/ZENITH_LMS_001/node_modules/next/dist/server/app-render/work-unit-async-storage.external.js:75:33)
    at cookies (/Users/edward.kwon/WorkSpace/ZENITH_LMS_001/node_modules/next/dist/server/request/cookies.js:126:67)
    at createClient (/Users/edward.kwon/WorkSpace/ZENITH_LMS_001/src/utils/supabase/server.ts:6:29)
    at triggerStatusChangeNotification (/Users/edward.kwon/WorkSpace/ZENITH_LMS_001/src/app/actions/notifications.ts:46:46)
    at Module.updateOrderStatus (/Users/edward.kwon/WorkSpace/ZENITH_LMS_001/src/app/actions/orders.ts:452:11)
    at processTicksAndRejections (node:internal/process/task_queues:104:5)
    at /Users/edward.kwon/WorkSpace/ZENITH_LMS_001/tests/integration/finance.test.ts:71:22
    at file:///Users/edward.kwon/WorkSpace/ZENITH_LMS_001/node_modules/@vitest/runner/dist/chunk-artifact.js:1903:20
stderr | tests/integration/finance.test.ts > ZENITH Finance Integration: WBS 3.2 Integrity Test > Scenario 4: Multi-Currency & Security Expansion (TC-F.4~6) > TC-F.6: [Policy] 인보이스가 생성된 오더는 상태 변경이 제한되어야 함 (Data Integrity)
[ERROR] Notification trigger failed: Error: `cookies` was called outside a request scope. Read more: https://nextjs.org/docs/messages/next-dynamic-api-wrong-context
    at throwForMissingRequestStore (/Users/edward.kwon/WorkSpace/ZENITH_LMS_001/node_modules/next/dist/server/app-render/work-unit-async-storage.external.js:75:33)
    at cookies (/Users/edward.kwon/WorkSpace/ZENITH_LMS_001/node_modules/next/dist/server/request/cookies.js:126:67)
    at createClient (/Users/edward.kwon/WorkSpace/ZENITH_LMS_001/src/utils/supabase/server.ts:6:29)
    at triggerStatusChangeNotification (/Users/edward.kwon/WorkSpace/ZENITH_LMS_001/src/app/actions/notifications.ts:46:46)
    at Module.updateOrderStatus (/Users/edward.kwon/WorkSpace/ZENITH_LMS_001/src/app/actions/orders.ts:452:11)
    at processTicksAndRejections (node:internal/process/task_queues:104:5)
    at /Users/edward.kwon/WorkSpace/ZENITH_LMS_001/tests/integration/finance.test.ts:133:22
    at file:///Users/edward.kwon/WorkSpace/ZENITH_LMS_001/node_modules/@vitest/runner/dist/chunk-artifact.js:1903:20
stderr | tests/unit/logistics/voc.test.ts > VOC Action Unit Tests > should throw error when user tries to create VOC for an order they do not own
[DEBUG] UNAUTHORIZED: order.shipper_id(undefined) !== profile.org_id(test-org-id)
(node:21999) Warning: `--localstorage-file` was provided without a valid path
(Use `node --trace-warnings ...` to show where the warning was created)
(node:22015) Warning: `--localstorage-file` was provided without a valid path
(Use `node --trace-warnings ...` to show where the warning was created)
stderr | tests/unit/auth/guards.test.ts > ZENITH Security Guard: Server Action Authorization > TC-G.2: [Failure] 권한이 없는 사용자가 관리자 액션 호출 시 예외를 발생시켜야 함
[AUTH_DENIED] Access blocked for admin@zenith.kr (Role: CUSTOMER)
(node:22062) Warning: `--localstorage-file` was provided without a valid path
(Use `node --trace-warnings ...` to show where the warning was created)
stderr | tests/integration/tracking.test.ts > ZENITH Tracking Visibility: Phase 3.3 Multi-Agent Cases > Scenario 3: Governance & Security (CIO Case) > TC-TR.5: [Security] 타 화주 소속의 트래킹 정보 조회가 차단되어야 함
[TRACKING] No config found for order: other-corp-order
(node:22084) Warning: `--localstorage-file` was provided without a valid path
(Use `node --trace-warnings ...` to show where the warning was created)
stderr | tests/unit/logistics/tracking.test.ts > TrackingManager > should sync order status when new events are added
[NOTIF] Failed to fetch order for notification: undefined
stderr | tests/unit/logistics/tracking.test.ts > TrackingManager > TC-OPS-04: [Success] should detect delay when last event is older than threshold
[NOTIF] Failed to fetch order for notification: null
(node:22090) Warning: `--localstorage-file` was provided without a valid path
(Use `node --trace-warnings ...` to show where the warning was created)
(node:22130) Warning: `--localstorage-file` was provided without a valid path
(Use `node --trace-warnings ...` to show where the warning was created)
(node:22136) Warning: `--localstorage-file` was provided without a valid path
(Use `node --trace-warnings ...` to show where the warning was created)
(node:22154) Warning: `--localstorage-file` was provided without a valid path
(Use `node --trace-warnings ...` to show where the warning was created)
stderr | tests/unit/member/profile.test.ts > Profile Actions Unit Tests > TC-PROFILE-04: should handle error during withdrawal
[MEMBER_ACTION] withdrawUser Error: DB Error
(node:22177) Warning: `--localstorage-file` was provided without a valid path
(Use `node --trace-warnings ...` to show where the warning was created)
(node:22187) Warning: `--localstorage-file` was provided without a valid path
(Use `node --trace-warnings ...` to show where the warning was created)
stderr | tests/unit/params/service.test.ts > SystemParamService > TC-OPS-02: [Success] getNumericParam should return default value if DB record is missing
[PARAM_SERVICE] Error fetching param MISSING_KEY: Not found
(node:22199) Warning: `--localstorage-file` was provided without a valid path
(Use `node --trace-warnings ...` to show where the warning was created)
(node:22223) Warning: `--localstorage-file` was provided without a valid path
(Use `node --trace-warnings ...` to show where the warning was created)
(node:22225) Warning: `--localstorage-file` was provided without a valid path
(Use `node --trace-warnings ...` to show where the warning was created)
(node:22237) Warning: `--localstorage-file` was provided without a valid path
(Use `node --trace-warnings ...` to show where the warning was created)
